mode: atomic
buskatotal-backend/internal/app/admin_service.go:14.62,16.2 1 0
buskatotal-backend/internal/app/admin_service.go:18.76,20.2 1 0
buskatotal-backend/internal/app/admin_service.go:22.92,24.16 2 0
buskatotal-backend/internal/app/admin_service.go:24.16,26.3 1 0
buskatotal-backend/internal/app/admin_service.go:28.2,30.24 3 0
buskatotal-backend/internal/app/admin_service.go:30.24,33.30 1 0
buskatotal-backend/internal/app/admin_service.go:33.30,35.4 1 0
buskatotal-backend/internal/app/admin_service.go:37.2,37.20 1 0
buskatotal-backend/internal/app/admin_service.go:40.87,42.2 1 0
buskatotal-backend/internal/app/apifull_service.go:212.90,217.2 1 9
buskatotal-backend/internal/app/apifull_service.go:220.128,222.9 2 9
buskatotal-backend/internal/app/apifull_service.go:222.9,224.3 1 1
buskatotal-backend/internal/app/apifull_service.go:226.2,227.17 2 8
buskatotal-backend/internal/app/apifull_service.go:227.17,229.3 1 1
buskatotal-backend/internal/app/apifull_service.go:230.2,230.18 1 7
buskatotal-backend/internal/app/apifull_service.go:230.18,232.3 1 1
buskatotal-backend/internal/app/apifull_service.go:235.2,235.64 1 6
buskatotal-backend/internal/app/apifull_service.go:235.64,237.3 1 2
buskatotal-backend/internal/app/apifull_service.go:240.2,240.80 1 4
buskatotal-backend/internal/app/apifull_service.go:240.80,242.3 1 1
buskatotal-backend/internal/app/apifull_service.go:245.2,249.27 2 3
buskatotal-backend/internal/app/apifull_service.go:250.13,251.22 1 1
buskatotal-backend/internal/app/apifull_service.go:252.14,253.23 1 0
buskatotal-backend/internal/app/apifull_service.go:254.18,255.27 1 0
buskatotal-backend/internal/app/apifull_service.go:256.15,257.24 1 0
buskatotal-backend/internal/app/apifull_service.go:258.14,262.21 3 0
buskatotal-backend/internal/app/apifull_service.go:262.21,264.4 1 0
buskatotal-backend/internal/app/apifull_service.go:265.18,268.21 2 2
buskatotal-backend/internal/app/apifull_service.go:268.21,271.4 2 1
buskatotal-backend/internal/app/apifull_service.go:272.3,273.49 2 1
buskatotal-backend/internal/app/apifull_service.go:274.10,276.76 2 0
buskatotal-backend/internal/app/apifull_service.go:279.2,280.16 2 2
buskatotal-backend/internal/app/apifull_service.go:280.16,283.3 2 2
buskatotal-backend/internal/app/apifull_service.go:285.2,285.20 1 0
buskatotal-backend/internal/app/apifull_service.go:289.51,290.19 1 32
buskatotal-backend/internal/app/apifull_service.go:291.13,292.32 1 10
buskatotal-backend/internal/app/apifull_service.go:292.32,294.4 1 6
buskatotal-backend/internal/app/apifull_service.go:295.14,296.33 1 5
buskatotal-backend/internal/app/apifull_service.go:296.33,298.4 1 3
buskatotal-backend/internal/app/apifull_service.go:299.18,300.62 1 4
buskatotal-backend/internal/app/apifull_service.go:300.62,302.4 1 2
buskatotal-backend/internal/app/apifull_service.go:303.15,304.34 1 8
buskatotal-backend/internal/app/apifull_service.go:304.34,306.4 1 5
buskatotal-backend/internal/app/apifull_service.go:307.14,308.41 1 3
buskatotal-backend/internal/app/apifull_service.go:308.41,310.4 1 1
buskatotal-backend/internal/app/apifull_service.go:311.18,311.18 0 2
buskatotal-backend/internal/app/apifull_service.go:314.2,314.12 1 15
buskatotal-backend/internal/app/app.go:27.18,30.32 2 0
buskatotal-backend/internal/app/app.go:30.32,32.6 1 0
buskatotal-backend/internal/app/app.go:34.5,37.35 3 0
buskatotal-backend/internal/app/app.go:37.35,39.6 1 0
buskatotal-backend/internal/app/app.go:40.5,40.37 1 0
buskatotal-backend/internal/app/app.go:40.37,43.42 3 0
buskatotal-backend/internal/app/app.go:43.42,44.28 1 0
buskatotal-backend/internal/app/app.go:44.28,46.22 2 0
buskatotal-backend/internal/app/app.go:49.9,49.20 1 0
buskatotal-backend/internal/app/app.go:49.20,51.10 1 0
buskatotal-backend/internal/app/app.go:52.9,54.51 3 0
buskatotal-backend/internal/app/app.go:54.51,57.10 2 0
buskatotal-backend/internal/app/app.go:58.9,58.17 1 0
buskatotal-backend/internal/app/app.go:60.5,60.48 1 0
buskatotal-backend/internal/app/app.go:60.48,62.6 1 0
buskatotal-backend/internal/app/app.go:64.5,70.65 5 0
buskatotal-backend/internal/app/app.go:70.65,72.6 1 0
buskatotal-backend/internal/app/app.go:74.5,76.31 3 0
buskatotal-backend/internal/app/app.go:76.31,78.6 1 0
buskatotal-backend/internal/app/app.go:80.5,80.53 1 0
buskatotal-backend/internal/app/app.go:80.53,86.31 6 0
buskatotal-backend/internal/app/app.go:86.31,89.10 2 0
buskatotal-backend/internal/app/app.go:90.9,116.196 22 0
buskatotal-backend/internal/app/app.go:117.11,119.23 2 0
buskatotal-backend/internal/app/app.go:119.23,121.10 1 0
buskatotal-backend/internal/app/app.go:122.9,129.31 7 0
buskatotal-backend/internal/app/app.go:129.31,132.10 2 0
buskatotal-backend/internal/app/app.go:133.9,161.196 23 0
buskatotal-backend/internal/app/app.go:164.5,165.28 2 0
buskatotal-backend/internal/app/app.go:169.93,170.19 1 0
buskatotal-backend/internal/app/app.go:170.19,172.6 1 0
buskatotal-backend/internal/app/app.go:173.5,173.15 1 0
buskatotal-backend/internal/app/app.go:176.53,179.24 3 0
buskatotal-backend/internal/app/app.go:179.24,182.6 2 0
buskatotal-backend/internal/app/auth_service.go:16.46,17.27 1 0
buskatotal-backend/internal/app/auth_service.go:17.27,19.6 1 0
buskatotal-backend/internal/app/auth_service.go:20.5,20.59 1 0
buskatotal-backend/internal/app/auth_service.go:20.59,22.6 1 0
buskatotal-backend/internal/app/auth_service.go:23.5,23.59 1 0
buskatotal-backend/internal/app/auth_service.go:23.59,25.6 1 0
buskatotal-backend/internal/app/auth_service.go:26.5,26.59 1 0
buskatotal-backend/internal/app/auth_service.go:26.59,28.6 1 0
buskatotal-backend/internal/app/auth_service.go:29.5,29.61 1 0
buskatotal-backend/internal/app/auth_service.go:29.61,31.6 1 0
buskatotal-backend/internal/app/auth_service.go:32.5,32.15 1 0
buskatotal-backend/internal/app/auth_service.go:48.143,55.2 1 0
buskatotal-backend/internal/app/auth_service.go:57.110,58.38 1 0
buskatotal-backend/internal/app/auth_service.go:58.38,60.6 1 0
buskatotal-backend/internal/app/auth_service.go:62.5,62.54 1 0
buskatotal-backend/internal/app/auth_service.go:62.54,64.6 1 0
buskatotal-backend/internal/app/auth_service.go:66.5,66.19 1 0
buskatotal-backend/internal/app/auth_service.go:66.19,68.6 1 0
buskatotal-backend/internal/app/auth_service.go:70.5,70.60 1 0
buskatotal-backend/internal/app/auth_service.go:70.60,72.6 1 0
buskatotal-backend/internal/app/auth_service.go:74.5,75.19 2 0
buskatotal-backend/internal/app/auth_service.go:75.19,77.6 1 0
buskatotal-backend/internal/app/auth_service.go:79.5,80.27 2 0
buskatotal-backend/internal/app/auth_service.go:80.27,82.6 1 0
buskatotal-backend/internal/app/auth_service.go:84.5,93.19 3 0
buskatotal-backend/internal/app/auth_service.go:93.19,95.6 1 0
buskatotal-backend/internal/app/auth_service.go:98.5,98.35 1 0
buskatotal-backend/internal/app/auth_service.go:98.35,99.19 1 0
buskatotal-backend/internal/app/auth_service.go:99.19,100.120 1 0
buskatotal-backend/internal/app/auth_service.go:100.120,102.14 1 0
buskatotal-backend/internal/app/auth_service.go:106.5,107.19 2 0
buskatotal-backend/internal/app/auth_service.go:107.19,109.6 1 0
buskatotal-backend/internal/app/auth_service.go:111.5,111.31 1 0
buskatotal-backend/internal/app/auth_service.go:114.101,115.38 1 0
buskatotal-backend/internal/app/auth_service.go:115.38,117.6 1 0
buskatotal-backend/internal/app/auth_service.go:119.5,120.19 2 0
buskatotal-backend/internal/app/auth_service.go:120.19,122.6 1 0
buskatotal-backend/internal/app/auth_service.go:124.5,124.104 1 0
buskatotal-backend/internal/app/auth_service.go:124.104,126.6 1 0
buskatotal-backend/internal/app/auth_service.go:129.5,129.67 1 0
buskatotal-backend/internal/app/auth_service.go:129.67,132.6 2 0
buskatotal-backend/internal/app/auth_service.go:134.5,135.19 2 0
buskatotal-backend/internal/app/auth_service.go:135.19,137.6 1 0
buskatotal-backend/internal/app/auth_service.go:139.5,139.30 1 0
buskatotal-backend/internal/app/auth_service.go:142.83,143.35 1 0
buskatotal-backend/internal/app/auth_service.go:143.35,145.6 1 0
buskatotal-backend/internal/app/auth_service.go:147.5,147.24 1 0
buskatotal-backend/internal/app/auth_service.go:147.24,149.6 1 0
buskatotal-backend/internal/app/auth_service.go:151.5,152.19 2 0
buskatotal-backend/internal/app/auth_service.go:152.19,155.6 1 0
buskatotal-backend/internal/app/auth_service.go:157.5,157.106 1 0
buskatotal-backend/internal/app/auth_service.go:157.106,159.6 1 0
buskatotal-backend/internal/app/auth_service.go:161.5,161.15 1 0
buskatotal-backend/internal/app/auth_service.go:164.94,165.35 1 0
buskatotal-backend/internal/app/auth_service.go:165.35,167.6 1 0
buskatotal-backend/internal/app/auth_service.go:169.5,169.44 1 0
buskatotal-backend/internal/app/auth_service.go:169.44,171.6 1 0
buskatotal-backend/internal/app/auth_service.go:173.5,173.57 1 0
buskatotal-backend/internal/app/auth_service.go:173.57,175.6 1 0
buskatotal-backend/internal/app/auth_service.go:177.5,178.19 2 0
buskatotal-backend/internal/app/auth_service.go:178.19,180.6 1 0
buskatotal-backend/internal/app/auth_service.go:182.5,183.19 2 0
buskatotal-backend/internal/app/auth_service.go:183.19,185.6 1 0
buskatotal-backend/internal/app/auth_service.go:187.5,188.19 2 0
buskatotal-backend/internal/app/auth_service.go:188.19,190.6 1 0
buskatotal-backend/internal/app/auth_service.go:192.5,193.57 2 0
buskatotal-backend/internal/app/auth_service.go:193.57,195.6 1 0
buskatotal-backend/internal/app/auth_service.go:197.5,197.15 1 0
buskatotal-backend/internal/app/auth_service.go:200.84,201.35 1 0
buskatotal-backend/internal/app/auth_service.go:201.35,203.6 1 0
buskatotal-backend/internal/app/auth_service.go:205.5,206.19 2 0
buskatotal-backend/internal/app/auth_service.go:206.19,208.6 1 0
buskatotal-backend/internal/app/auth_service.go:210.5,210.29 1 0
buskatotal-backend/internal/app/auth_service.go:210.29,212.6 1 0
buskatotal-backend/internal/app/auth_service.go:214.5,214.77 1 0
buskatotal-backend/internal/app/auth_service.go:217.74,218.30 1 0
buskatotal-backend/internal/app/auth_service.go:218.30,220.6 1 0
buskatotal-backend/internal/app/auth_service.go:222.5,222.19 1 0
buskatotal-backend/internal/app/auth_service.go:222.19,224.6 1 0
buskatotal-backend/internal/app/auth_service.go:226.5,234.43 3 0
buskatotal-backend/internal/app/email_verification_service.go:35.29,41.2 1 0
buskatotal-backend/internal/app/email_verification_service.go:44.105,46.71 1 0
buskatotal-backend/internal/app/email_verification_service.go:46.71,48.3 1 0
buskatotal-backend/internal/app/email_verification_service.go:51.2,52.16 2 0
buskatotal-backend/internal/app/email_verification_service.go:52.16,54.3 1 0
buskatotal-backend/internal/app/email_verification_service.go:56.2,62.65 2 0
buskatotal-backend/internal/app/email_verification_service.go:62.65,64.3 1 0
buskatotal-backend/internal/app/email_verification_service.go:66.2,75.53 3 0
buskatotal-backend/internal/app/email_verification_service.go:75.53,77.3 1 0
buskatotal-backend/internal/app/email_verification_service.go:79.2,79.12 1 0
buskatotal-backend/internal/app/email_verification_service.go:83.87,85.16 2 0
buskatotal-backend/internal/app/email_verification_service.go:85.16,87.3 1 0
buskatotal-backend/internal/app/email_verification_service.go:89.2,89.16 1 0
buskatotal-backend/internal/app/email_verification_service.go:89.16,91.3 1 0
buskatotal-backend/internal/app/email_verification_service.go:93.2,93.23 1 0
buskatotal-backend/internal/app/email_verification_service.go:93.23,95.3 1 0
buskatotal-backend/internal/app/email_verification_service.go:98.2,98.67 1 0
buskatotal-backend/internal/app/email_verification_service.go:98.67,100.3 1 0
buskatotal-backend/internal/app/email_verification_service.go:103.2,104.16 2 0
buskatotal-backend/internal/app/email_verification_service.go:104.16,106.3 1 0
buskatotal-backend/internal/app/email_verification_service.go:108.2,109.53 2 0
buskatotal-backend/internal/app/email_verification_service.go:109.53,111.3 1 0
buskatotal-backend/internal/app/email_verification_service.go:113.2,113.12 1 0
buskatotal-backend/internal/app/email_verification_service.go:117.118,118.71 1 0
buskatotal-backend/internal/app/email_verification_service.go:118.71,120.3 1 0
buskatotal-backend/internal/app/email_verification_service.go:122.2,123.16 2 0
buskatotal-backend/internal/app/email_verification_service.go:123.16,125.3 1 0
buskatotal-backend/internal/app/email_verification_service.go:127.2,133.65 2 0
buskatotal-backend/internal/app/email_verification_service.go:133.65,135.3 1 0
buskatotal-backend/internal/app/email_verification_service.go:137.2,146.53 3 0
buskatotal-backend/internal/app/email_verification_service.go:146.53,148.3 1 0
buskatotal-backend/internal/app/email_verification_service.go:150.2,150.12 1 0
buskatotal-backend/internal/app/email_verification_service.go:154.109,156.16 2 0
buskatotal-backend/internal/app/email_verification_service.go:156.16,158.3 1 0
buskatotal-backend/internal/app/email_verification_service.go:160.2,160.16 1 0
buskatotal-backend/internal/app/email_verification_service.go:160.16,162.3 1 0
buskatotal-backend/internal/app/email_verification_service.go:164.2,164.23 1 0
buskatotal-backend/internal/app/email_verification_service.go:164.23,166.3 1 0
buskatotal-backend/internal/app/email_verification_service.go:168.2,168.67 1 0
buskatotal-backend/internal/app/email_verification_service.go:168.67,170.3 1 0
buskatotal-backend/internal/app/email_verification_service.go:172.2,172.26 1 0
buskatotal-backend/internal/app/email_verification_service.go:175.44,177.40 2 0
buskatotal-backend/internal/app/email_verification_service.go:177.40,179.3 1 0
buskatotal-backend/internal/app/email_verification_service.go:180.2,180.35 1 0
buskatotal-backend/internal/app/email_verification_service.go:183.49,205.2 1 0
buskatotal-backend/internal/app/email_verification_service.go:207.48,229.2 1 0
buskatotal-backend/internal/app/infocar_service.go:86.110,92.2 1 25
buskatotal-backend/internal/app/infocar_service.go:95.131,97.2 1 2
buskatotal-backend/internal/app/infocar_service.go:100.139,102.9 2 36
buskatotal-backend/internal/app/infocar_service.go:102.9,104.3 1 1
buskatotal-backend/internal/app/infocar_service.go:106.2,108.41 3 35
buskatotal-backend/internal/app/infocar_service.go:108.41,109.26 1 39
buskatotal-backend/internal/app/infocar_service.go:109.26,111.9 2 32
buskatotal-backend/internal/app/infocar_service.go:114.2,114.14 1 35
buskatotal-backend/internal/app/infocar_service.go:114.14,116.3 1 3
buskatotal-backend/internal/app/infocar_service.go:118.2,118.18 1 32
buskatotal-backend/internal/app/infocar_service.go:118.18,120.3 1 1
buskatotal-backend/internal/app/infocar_service.go:122.2,122.80 1 31
buskatotal-backend/internal/app/infocar_service.go:122.80,124.3 1 16
buskatotal-backend/internal/app/infocar_service.go:126.2,127.16 2 15
buskatotal-backend/internal/app/infocar_service.go:127.16,130.3 2 15
buskatotal-backend/internal/app/infocar_service.go:132.2,133.16 2 0
buskatotal-backend/internal/app/infocar_service.go:133.16,136.3 2 0
buskatotal-backend/internal/app/infocar_service.go:138.2,138.20 1 0
buskatotal-backend/internal/app/infocar_service.go:141.72,145.50 3 15
buskatotal-backend/internal/app/infocar_service.go:145.50,147.3 1 0
buskatotal-backend/internal/app/infocar_service.go:149.2,150.16 2 15
buskatotal-backend/internal/app/infocar_service.go:150.16,152.3 1 15
buskatotal-backend/internal/app/infocar_service.go:154.2,156.21 3 0
buskatotal-backend/internal/app/infovist_service.go:25.165,33.2 1 12
buskatotal-backend/internal/app/infovist_service.go:35.164,36.18 1 25
buskatotal-backend/internal/app/infovist_service.go:36.18,38.3 1 0
buskatotal-backend/internal/app/infovist_service.go:39.2,39.26 1 25
buskatotal-backend/internal/app/infovist_service.go:39.26,41.3 1 1
buskatotal-backend/internal/app/infovist_service.go:42.2,42.27 1 24
buskatotal-backend/internal/app/infovist_service.go:42.27,44.3 1 1
buskatotal-backend/internal/app/infovist_service.go:45.2,45.46 1 23
buskatotal-backend/internal/app/infovist_service.go:45.46,47.3 1 1
buskatotal-backend/internal/app/infovist_service.go:49.2,49.85 1 22
buskatotal-backend/internal/app/infovist_service.go:49.85,51.3 1 20
buskatotal-backend/internal/app/infovist_service.go:53.2,54.16 2 2
buskatotal-backend/internal/app/infovist_service.go:54.16,57.3 2 2
buskatotal-backend/internal/app/infovist_service.go:59.2,60.16 2 0
buskatotal-backend/internal/app/infovist_service.go:60.16,63.3 2 0
buskatotal-backend/internal/app/infovist_service.go:66.2,77.20 2 0
buskatotal-backend/internal/app/infovist_service.go:80.130,81.18 1 3
buskatotal-backend/internal/app/infovist_service.go:81.18,83.3 1 0
buskatotal-backend/internal/app/infovist_service.go:84.2,84.20 1 3
buskatotal-backend/internal/app/infovist_service.go:84.20,86.3 1 0
buskatotal-backend/internal/app/infovist_service.go:89.2,90.20 2 3
buskatotal-backend/internal/app/infovist_service.go:90.20,92.3 1 1
buskatotal-backend/internal/app/infovist_service.go:93.2,93.27 1 2
buskatotal-backend/internal/app/infovist_service.go:93.27,95.3 1 1
buskatotal-backend/internal/app/infovist_service.go:97.2,98.16 2 1
buskatotal-backend/internal/app/infovist_service.go:98.16,100.3 1 1
buskatotal-backend/internal/app/infovist_service.go:102.2,103.16 2 0
buskatotal-backend/internal/app/infovist_service.go:103.16,105.3 1 0
buskatotal-backend/internal/app/infovist_service.go:108.2,108.28 1 0
buskatotal-backend/internal/app/infovist_service.go:108.28,110.79 2 0
buskatotal-backend/internal/app/infovist_service.go:110.79,113.4 2 0
buskatotal-backend/internal/app/infovist_service.go:116.2,116.18 1 0
buskatotal-backend/internal/app/infovist_service.go:119.119,120.18 1 2
buskatotal-backend/internal/app/infovist_service.go:120.18,122.3 1 0
buskatotal-backend/internal/app/infovist_service.go:123.2,123.20 1 2
buskatotal-backend/internal/app/infovist_service.go:123.20,125.3 1 0
buskatotal-backend/internal/app/infovist_service.go:128.2,129.20 2 2
buskatotal-backend/internal/app/infovist_service.go:129.20,131.3 1 1
buskatotal-backend/internal/app/infovist_service.go:132.2,132.27 1 1
buskatotal-backend/internal/app/infovist_service.go:132.27,134.3 1 1
buskatotal-backend/internal/app/infovist_service.go:136.2,137.16 2 0
buskatotal-backend/internal/app/infovist_service.go:137.16,139.3 1 0
buskatotal-backend/internal/app/infovist_service.go:141.2,141.51 1 0
buskatotal-backend/internal/app/infovist_service.go:144.121,145.18 1 2
buskatotal-backend/internal/app/infovist_service.go:145.18,147.3 1 0
buskatotal-backend/internal/app/infovist_service.go:148.2,148.20 1 2
buskatotal-backend/internal/app/infovist_service.go:148.20,150.3 1 0
buskatotal-backend/internal/app/infovist_service.go:153.2,154.21 2 2
buskatotal-backend/internal/app/infovist_service.go:154.21,156.3 1 1
buskatotal-backend/internal/app/infovist_service.go:157.2,157.28 1 1
buskatotal-backend/internal/app/infovist_service.go:157.28,159.3 1 1
buskatotal-backend/internal/app/infovist_service.go:161.2,162.16 2 0
buskatotal-backend/internal/app/infovist_service.go:162.16,164.3 1 0
buskatotal-backend/internal/app/infovist_service.go:166.2,166.51 1 0
buskatotal-backend/internal/app/infovist_service.go:169.112,170.18 1 2
buskatotal-backend/internal/app/infovist_service.go:170.18,172.3 1 0
buskatotal-backend/internal/app/infovist_service.go:173.2,173.44 1 2
buskatotal-backend/internal/app/infovist_service.go:176.73,180.50 3 3
buskatotal-backend/internal/app/infovist_service.go:180.50,182.3 1 0
buskatotal-backend/internal/app/infovist_service.go:184.2,185.16 2 3
buskatotal-backend/internal/app/infovist_service.go:185.16,187.3 1 3
buskatotal-backend/internal/app/infovist_service.go:189.2,190.28 2 0
buskatotal-backend/internal/app/infovist_service.go:190.28,192.3 1 0
buskatotal-backend/internal/app/infovist_service.go:192.8,194.3 1 0
buskatotal-backend/internal/app/infovist_service.go:196.2,196.21 1 0
buskatotal-backend/internal/app/lgpd_service.go:34.16,35.20 1 0
buskatotal-backend/internal/app/lgpd_service.go:35.20,37.3 1 0
buskatotal-backend/internal/app/lgpd_service.go:38.2,46.3 1 0
buskatotal-backend/internal/app/lgpd_service.go:63.84,65.16 2 0
buskatotal-backend/internal/app/lgpd_service.go:65.16,67.3 1 0
buskatotal-backend/internal/app/lgpd_service.go:69.2,74.27 4 0
buskatotal-backend/internal/app/lgpd_service.go:74.27,75.37 1 0
buskatotal-backend/internal/app/lgpd_service.go:75.37,77.4 1 0
buskatotal-backend/internal/app/lgpd_service.go:80.2,93.18 12 0
buskatotal-backend/internal/app/lgpd_service.go:120.87,122.16 2 0
buskatotal-backend/internal/app/lgpd_service.go:122.16,124.3 1 0
buskatotal-backend/internal/app/lgpd_service.go:126.2,134.35 8 0
buskatotal-backend/internal/app/lgpd_service.go:134.35,141.3 1 0
buskatotal-backend/internal/app/lgpd_service.go:143.2,145.31 3 0
buskatotal-backend/internal/app/lgpd_service.go:145.31,151.3 1 0
buskatotal-backend/internal/app/lgpd_service.go:153.2,155.18 2 0
buskatotal-backend/internal/app/lgpd_service.go:158.113,160.16 2 0
buskatotal-backend/internal/app/lgpd_service.go:160.16,162.3 1 0
buskatotal-backend/internal/app/lgpd_service.go:165.2,166.31 2 0
buskatotal-backend/internal/app/lgpd_service.go:166.31,167.94 1 0
buskatotal-backend/internal/app/lgpd_service.go:167.94,169.4 1 0
buskatotal-backend/internal/app/lgpd_service.go:172.2,179.16 2 0
buskatotal-backend/internal/app/lgpd_service.go:179.16,181.3 1 0
buskatotal-backend/internal/app/lgpd_service.go:184.2,184.26 1 0
buskatotal-backend/internal/app/lgpd_service.go:184.26,185.13 1 0
buskatotal-backend/internal/app/lgpd_service.go:185.13,192.4 1 0
buskatotal-backend/internal/app/lgpd_service.go:195.3,196.13 2 0
buskatotal-backend/internal/app/lgpd_service.go:196.13,203.4 1 0
buskatotal-backend/internal/app/lgpd_service.go:206.2,208.17 2 0
buskatotal-backend/internal/app/lgpd_service.go:212.97,214.2 1 0
buskatotal-backend/internal/app/lgpd_service.go:217.125,219.16 2 0
buskatotal-backend/internal/app/lgpd_service.go:219.16,221.3 1 0
buskatotal-backend/internal/app/lgpd_service.go:223.2,223.93 1 0
buskatotal-backend/internal/app/lgpd_service.go:223.93,225.3 1 0
buskatotal-backend/internal/app/lgpd_service.go:227.2,232.44 5 0
buskatotal-backend/internal/app/lgpd_service.go:232.44,235.17 2 0
buskatotal-backend/internal/app/lgpd_service.go:235.17,241.4 5 0
buskatotal-backend/internal/app/lgpd_service.go:244.2,245.16 2 0
buskatotal-backend/internal/app/lgpd_service.go:245.16,247.3 1 0
buskatotal-backend/internal/app/lgpd_service.go:249.2,254.21 2 0
buskatotal-backend/internal/app/lgpd_service.go:257.109,259.2 1 0
buskatotal-backend/internal/app/lgpd_service.go:261.109,267.2 1 0
buskatotal-backend/internal/app/lgpd_service.go:269.69,281.2 1 1
buskatotal-backend/internal/app/lgpd_service.go:283.61,302.2 1 2
buskatotal-backend/internal/app/payment_service.go:29.19,36.2 1 3
buskatotal-backend/internal/app/payment_service.go:46.26,47.23 1 3
buskatotal-backend/internal/app/payment_service.go:47.23,49.3 1 0
buskatotal-backend/internal/app/payment_service.go:50.2,50.18 1 3
buskatotal-backend/internal/app/payment_service.go:50.18,52.3 1 0
buskatotal-backend/internal/app/payment_service.go:53.2,53.22 1 3
buskatotal-backend/internal/app/payment_service.go:53.22,55.3 1 0
buskatotal-backend/internal/app/payment_service.go:56.2,56.26 1 3
buskatotal-backend/internal/app/payment_service.go:56.26,58.3 1 0
buskatotal-backend/internal/app/payment_service.go:59.2,59.23 1 3
buskatotal-backend/internal/app/payment_service.go:59.23,61.3 1 0
buskatotal-backend/internal/app/payment_service.go:64.2,64.59 1 3
buskatotal-backend/internal/app/payment_service.go:64.59,66.3 1 0
buskatotal-backend/internal/app/payment_service.go:68.2,78.16 4 3
buskatotal-backend/internal/app/payment_service.go:78.16,80.3 1 0
buskatotal-backend/internal/app/payment_service.go:82.2,94.16 3 3
buskatotal-backend/internal/app/payment_service.go:94.16,96.3 1 0
buskatotal-backend/internal/app/payment_service.go:98.2,98.21 1 3
buskatotal-backend/internal/app/payment_service.go:104.88,105.23 1 3
buskatotal-backend/internal/app/payment_service.go:105.23,107.3 1 0
buskatotal-backend/internal/app/payment_service.go:108.2,108.23 1 3
buskatotal-backend/internal/app/payment_service.go:108.23,110.3 1 0
buskatotal-backend/internal/app/payment_service.go:112.2,113.16 2 3
buskatotal-backend/internal/app/payment_service.go:113.16,115.3 1 0
buskatotal-backend/internal/app/payment_service.go:118.2,118.40 1 3
buskatotal-backend/internal/app/payment_service.go:118.40,120.3 1 1
buskatotal-backend/internal/app/payment_service.go:123.2,124.16 2 2
buskatotal-backend/internal/app/payment_service.go:124.16,126.3 1 0
buskatotal-backend/internal/app/payment_service.go:128.2,129.58 2 2
buskatotal-backend/internal/app/payment_service.go:129.58,131.3 1 0
buskatotal-backend/internal/app/payment_service.go:133.2,133.34 1 2
buskatotal-backend/internal/app/payment_service.go:133.34,134.88 1 2
buskatotal-backend/internal/app/payment_service.go:134.88,136.4 1 0
buskatotal-backend/internal/app/payment_service.go:139.2,139.12 1 2
buskatotal-backend/internal/app/payment_service.go:143.103,144.23 1 2
buskatotal-backend/internal/app/payment_service.go:144.23,146.3 1 0
buskatotal-backend/internal/app/payment_service.go:148.2,149.16 2 2
buskatotal-backend/internal/app/payment_service.go:149.16,151.3 1 0
buskatotal-backend/internal/app/payment_service.go:152.2,152.28 1 2
buskatotal-backend/internal/app/payment_service.go:152.28,154.3 1 1
buskatotal-backend/internal/app/payment_service.go:156.2,156.43 1 1
buskatotal-backend/internal/app/payment_service.go:161.63,163.16 2 0
buskatotal-backend/internal/app/payment_service.go:163.16,166.3 2 0
buskatotal-backend/internal/app/payment_service.go:167.2,168.31 2 0
buskatotal-backend/internal/app/payment_service.go:168.31,169.66 1 0
buskatotal-backend/internal/app/payment_service.go:169.66,171.4 1 0
buskatotal-backend/internal/app/payment_service.go:176.98,177.18 1 0
buskatotal-backend/internal/app/payment_service.go:177.18,179.3 1 0
buskatotal-backend/internal/app/payment_service.go:180.2,181.16 2 0
buskatotal-backend/internal/app/payment_service.go:181.16,183.3 1 0
buskatotal-backend/internal/app/payment_service.go:185.2,185.41 1 0
buskatotal-backend/internal/app/payment_service.go:185.41,187.3 1 0
buskatotal-backend/internal/app/payment_service.go:188.2,188.20 1 0
buskatotal-backend/internal/app/payment_service.go:192.108,193.23 1 0
buskatotal-backend/internal/app/payment_service.go:193.23,195.3 1 0
buskatotal-backend/internal/app/payment_service.go:196.2,196.18 1 0
buskatotal-backend/internal/app/payment_service.go:196.18,198.3 1 0
buskatotal-backend/internal/app/payment_service.go:199.2,199.17 1 0
buskatotal-backend/internal/app/payment_service.go:199.17,201.3 1 0
buskatotal-backend/internal/app/payment_service.go:203.2,204.16 2 0
buskatotal-backend/internal/app/payment_service.go:204.16,206.3 1 0
buskatotal-backend/internal/app/payment_service.go:208.2,208.70 1 0
buskatotal-backend/internal/app/payment_service.go:208.70,210.3 1 0
buskatotal-backend/internal/app/payment_service.go:212.2,212.21 1 0
buskatotal-backend/internal/app/user_service.go:14.56,16.2 1 0
buskatotal-backend/internal/app/user_service.go:18.87,19.46 1 0
buskatotal-backend/internal/app/user_service.go:19.46,21.6 1 0
buskatotal-backend/internal/app/user_service.go:22.5,22.33 1 0
buskatotal-backend/internal/app/user_service.go:22.33,24.6 1 0
buskatotal-backend/internal/app/user_service.go:25.5,25.37 1 0
buskatotal-backend/internal/app/user_service.go:28.82,30.2 1 0
buskatotal-backend/internal/app/user_service.go:32.70,34.2 1 0
buskatotal-backend/internal/app/user_service.go:36.87,37.23 1 0
buskatotal-backend/internal/app/user_service.go:37.23,39.6 1 0
buskatotal-backend/internal/app/user_service.go:40.5,40.46 1 0
buskatotal-backend/internal/app/user_service.go:40.46,42.6 1 0
buskatotal-backend/internal/app/user_service.go:43.5,43.37 1 0
buskatotal-backend/internal/app/user_service.go:46.68,48.2 1 0
