mode: atomic
buskatotal-backend/internal/domain/verification/verification.go:24.33,26.2 1 2
buskatotal-backend/configs/config.go:37.20,71.2 1 2
buskatotal-backend/configs/config.go:73.42,74.42 1 50
buskatotal-backend/configs/config.go:74.42,76.3 1 1
buskatotal-backend/configs/config.go:77.2,77.17 1 49
buskatotal-backend/configs/config.go:80.35,83.2 2 14
buskatotal-backend/configs/config.go:85.39,87.26 2 9
buskatotal-backend/configs/config.go:87.26,89.3 1 4
buskatotal-backend/configs/config.go:90.2,90.10 1 5
buskatotal-backend/internal/infra/auth/jwt_provider.go:16.49,18.2 1 5
buskatotal-backend/internal/infra/auth/jwt_provider.go:20.94,21.77 1 5
buskatotal-backend/internal/infra/auth/jwt_provider.go:21.77,22.60 1 4
buskatotal-backend/internal/infra/auth/jwt_provider.go:22.60,24.10 1 0
buskatotal-backend/internal/infra/auth/jwt_provider.go:25.9,25.29 1 4
buskatotal-backend/internal/infra/auth/jwt_provider.go:27.5,27.36 1 5
buskatotal-backend/internal/infra/auth/jwt_provider.go:27.36,29.6 1 3
buskatotal-backend/internal/infra/auth/jwt_provider.go:31.5,32.12 2 2
buskatotal-backend/internal/infra/auth/jwt_provider.go:32.12,34.6 1 0
buskatotal-backend/internal/infra/auth/jwt_provider.go:36.5,37.28 2 2
buskatotal-backend/internal/infra/auth/jwt_provider.go:37.28,39.6 1 0
buskatotal-backend/internal/infra/auth/jwt_provider.go:41.5,42.19 2 2
buskatotal-backend/internal/infra/auth/jwt_provider.go:42.19,44.6 1 1
buskatotal-backend/internal/infra/auth/jwt_provider.go:46.5,46.58 1 2
buskatotal-backend/internal/infra/auth/mock_provider.go:16.55,18.2 1 3
buskatotal-backend/internal/infra/auth/mock_provider.go:20.95,21.39 1 3
buskatotal-backend/internal/infra/auth/mock_provider.go:21.39,23.6 1 1
buskatotal-backend/internal/infra/auth/mock_provider.go:25.5,28.47 4 2
buskatotal-backend/internal/infra/auth/mock_provider.go:28.47,30.6 1 1
buskatotal-backend/internal/infra/auth/mock_provider.go:31.5,31.58 1 2
buskatotal-backend/internal/infra/memory/deletion_repository.go:19.50,21.2 1 4
buskatotal-backend/internal/infra/memory/deletion_repository.go:23.114,31.2 6 8
buskatotal-backend/internal/infra/memory/deletion_repository.go:33.100,38.9 4 2
buskatotal-backend/internal/infra/memory/deletion_repository.go:38.9,40.3 1 0
buskatotal-backend/internal/infra/memory/deletion_repository.go:41.2,41.18 1 2
buskatotal-backend/internal/infra/memory/deletion_repository.go:44.110,49.31 4 1
buskatotal-backend/internal/infra/memory/deletion_repository.go:49.31,50.28 1 3
buskatotal-backend/internal/infra/memory/deletion_repository.go:50.28,52.4 1 2
buskatotal-backend/internal/infra/memory/deletion_repository.go:54.2,54.20 1 1
buskatotal-backend/internal/infra/memory/deletion_repository.go:57.88,62.31 4 1
buskatotal-backend/internal/infra/memory/deletion_repository.go:62.31,64.3 1 3
buskatotal-backend/internal/infra/memory/deletion_repository.go:65.2,65.20 1 1
buskatotal-backend/internal/infra/memory/deletion_repository.go:68.114,72.35 3 1
buskatotal-backend/internal/infra/memory/deletion_repository.go:72.35,74.3 1 0
buskatotal-backend/internal/infra/memory/deletion_repository.go:75.2,76.17 2 1
buskatotal-backend/internal/infra/memory/inspection_repository.go:19.54,21.2 1 5
buskatotal-backend/internal/infra/memory/inspection_repository.go:23.119,33.2 8 6
buskatotal-backend/internal/infra/memory/inspection_repository.go:35.103,40.9 4 2
buskatotal-backend/internal/infra/memory/inspection_repository.go:40.9,42.3 1 0
buskatotal-backend/internal/infra/memory/inspection_repository.go:43.2,43.18 1 2
buskatotal-backend/internal/infra/memory/inspection_repository.go:46.115,50.31 3 2
buskatotal-backend/internal/infra/memory/inspection_repository.go:50.31,51.32 1 1
buskatotal-backend/internal/infra/memory/inspection_repository.go:51.32,53.4 1 1
buskatotal-backend/internal/infra/memory/inspection_repository.go:55.2,55.68 1 1
buskatotal-backend/internal/infra/memory/inspection_repository.go:58.113,63.31 4 1
buskatotal-backend/internal/infra/memory/inspection_repository.go:63.31,64.28 1 3
buskatotal-backend/internal/infra/memory/inspection_repository.go:64.28,66.4 1 2
buskatotal-backend/internal/infra/memory/inspection_repository.go:68.2,68.20 1 1
buskatotal-backend/internal/infra/memory/inspection_repository.go:71.119,75.36 3 1
buskatotal-backend/internal/infra/memory/inspection_repository.go:75.36,77.3 1 0
buskatotal-backend/internal/infra/memory/inspection_repository.go:78.2,80.18 3 1
buskatotal-backend/internal/infra/memory/log_repository.go:18.40,20.2 1 1
buskatotal-backend/internal/infra/memory/log_repository.go:22.87,30.2 6 3
buskatotal-backend/internal/infra/memory/log_repository.go:32.107,37.31 4 2
buskatotal-backend/internal/infra/memory/log_repository.go:37.31,38.28 1 6
buskatotal-backend/internal/infra/memory/log_repository.go:38.28,40.4 1 2
buskatotal-backend/internal/infra/memory/log_repository.go:42.2,42.20 1 2
buskatotal-backend/internal/infra/memory/order_repository.go:19.44,21.2 1 6
buskatotal-backend/internal/infra/memory/order_repository.go:23.99,32.2 7 10
buskatotal-backend/internal/infra/memory/order_repository.go:34.90,39.9 4 2
buskatotal-backend/internal/infra/memory/order_repository.go:39.9,41.3 1 0
buskatotal-backend/internal/infra/memory/order_repository.go:42.2,42.15 1 2
buskatotal-backend/internal/infra/memory/order_repository.go:45.108,49.29 3 2
buskatotal-backend/internal/infra/memory/order_repository.go:49.29,50.35 1 1
buskatotal-backend/internal/infra/memory/order_repository.go:50.35,52.4 1 1
buskatotal-backend/internal/infra/memory/order_repository.go:54.2,54.55 1 1
buskatotal-backend/internal/infra/memory/order_repository.go:57.100,62.29 4 1
buskatotal-backend/internal/infra/memory/order_repository.go:62.29,63.25 1 4
buskatotal-backend/internal/infra/memory/order_repository.go:63.25,65.4 1 3
buskatotal-backend/internal/infra/memory/order_repository.go:67.2,67.20 1 1
buskatotal-backend/internal/infra/memory/order_repository.go:70.90,75.29 4 1
buskatotal-backend/internal/infra/memory/order_repository.go:75.29,76.40 1 3
buskatotal-backend/internal/infra/memory/order_repository.go:76.40,78.4 1 2
buskatotal-backend/internal/infra/memory/order_repository.go:80.2,80.20 1 1
buskatotal-backend/internal/infra/memory/order_repository.go:83.99,87.38 3 2
buskatotal-backend/internal/infra/memory/order_repository.go:87.38,89.3 1 0
buskatotal-backend/internal/infra/memory/order_repository.go:90.2,92.19 3 2
buskatotal-backend/internal/infra/memory/user_repository.go:19.42,21.2 1 8
buskatotal-backend/internal/infra/memory/user_repository.go:23.91,33.2 8 6
buskatotal-backend/internal/infra/memory/user_repository.go:35.85,40.12 4 6
buskatotal-backend/internal/infra/memory/user_repository.go:40.12,42.6 1 0
buskatotal-backend/internal/infra/memory/user_repository.go:43.5,43.23 1 6
buskatotal-backend/internal/infra/memory/user_repository.go:46.91,50.36 3 0
buskatotal-backend/internal/infra/memory/user_repository.go:50.36,51.34 1 0
buskatotal-backend/internal/infra/memory/user_repository.go:51.34,53.10 1 0
buskatotal-backend/internal/infra/memory/user_repository.go:55.5,55.53 1 0
buskatotal-backend/internal/infra/memory/user_repository.go:58.73,63.36 4 0
buskatotal-backend/internal/infra/memory/user_repository.go:63.36,65.6 1 0
buskatotal-backend/internal/infra/memory/user_repository.go:66.5,66.22 1 0
buskatotal-backend/internal/infra/memory/user_repository.go:69.91,73.41 3 0
buskatotal-backend/internal/infra/memory/user_repository.go:73.41,75.6 1 0
buskatotal-backend/internal/infra/memory/user_repository.go:76.5,78.23 3 0
buskatotal-backend/internal/infra/memory/user_repository.go:81.71,85.34 3 0
buskatotal-backend/internal/infra/memory/user_repository.go:85.34,87.6 1 0
buskatotal-backend/internal/infra/memory/user_repository.go:88.5,89.15 2 0
buskatotal-backend/internal/infra/memory/user_repository.go:92.91,97.12 4 254
buskatotal-backend/internal/infra/memory/user_repository.go:97.12,99.6 1 1
buskatotal-backend/internal/infra/memory/user_repository.go:100.5,100.32 1 253
buskatotal-backend/internal/infra/memory/user_repository.go:100.32,102.6 1 150
buskatotal-backend/internal/infra/memory/user_repository.go:103.5,106.15 4 103
buskatotal-backend/internal/infra/memory/user_repository.go:109.92,114.12 4 2
buskatotal-backend/internal/infra/memory/user_repository.go:114.12,116.6 1 1
buskatotal-backend/internal/infra/memory/user_repository.go:117.5,120.15 4 1
buskatotal-backend/internal/infra/memory/verification_repository.go:18.58,20.2 1 3
buskatotal-backend/internal/infra/memory/verification_repository.go:22.116,30.2 6 5
buskatotal-backend/internal/infra/memory/verification_repository.go:32.111,36.31 3 6
buskatotal-backend/internal/infra/memory/verification_repository.go:36.31,37.29 1 6
buskatotal-backend/internal/infra/memory/verification_repository.go:37.29,39.4 1 3
buskatotal-backend/internal/infra/memory/verification_repository.go:41.2,41.60 1 3
buskatotal-backend/internal/infra/memory/verification_repository.go:44.81,49.9 4 2
buskatotal-backend/internal/infra/memory/verification_repository.go:49.9,51.3 1 1
buskatotal-backend/internal/infra/memory/verification_repository.go:52.2,54.12 3 1
buskatotal-backend/internal/infra/memory/verification_repository.go:57.91,61.32 3 1
buskatotal-backend/internal/infra/memory/verification_repository.go:61.32,62.28 1 3
buskatotal-backend/internal/infra/memory/verification_repository.go:62.28,64.4 1 2
buskatotal-backend/internal/infra/memory/verification_repository.go:66.2,66.12 1 1
buskatotal-backend/cmd/api/main.go:9.13,10.37 1 0
buskatotal-backend/cmd/api/main.go:10.37,12.6 1 0
buskatotal-backend/internal/infra/apifull/client.go:31.47,39.2 1 0
buskatotal-backend/internal/infra/apifull/client.go:44.124,45.19 1 0
buskatotal-backend/internal/infra/apifull/client.go:45.19,47.3 1 0
buskatotal-backend/internal/infra/apifull/client.go:48.2,48.20 1 0
buskatotal-backend/internal/infra/apifull/client.go:48.20,50.3 1 0
buskatotal-backend/internal/infra/apifull/client.go:52.2,53.16 2 0
buskatotal-backend/internal/infra/apifull/client.go:53.16,55.3 1 0
buskatotal-backend/internal/infra/apifull/client.go:57.2,60.16 4 0
buskatotal-backend/internal/infra/apifull/client.go:60.16,62.3 1 0
buskatotal-backend/internal/infra/apifull/client.go:63.2,67.16 4 0
buskatotal-backend/internal/infra/apifull/client.go:67.16,69.3 1 0
buskatotal-backend/internal/infra/apifull/client.go:70.2,75.53 4 0
buskatotal-backend/internal/infra/apifull/client.go:75.53,77.3 1 0
buskatotal-backend/internal/infra/apifull/client.go:79.2,80.58 2 0
buskatotal-backend/internal/infra/apifull/client.go:80.58,82.3 1 0
buskatotal-backend/internal/infra/apifull/client.go:84.2,84.55 1 0
buskatotal-backend/internal/infra/apifull/client.go:84.55,86.3 1 0
buskatotal-backend/internal/infra/apifull/client.go:88.2,88.21 1 0
buskatotal-backend/internal/infra/firestore/client.go:12.61,16.36 3 0
buskatotal-backend/internal/infra/firestore/client.go:16.36,18.6 1 0
buskatotal-backend/internal/infra/firestore/client.go:20.5,20.47 1 0
buskatotal-backend/internal/infra/firestore/deletion_repository.go:17.74,19.2 1 0
buskatotal-backend/internal/infra/firestore/deletion_repository.go:21.68,23.2 1 0
buskatotal-backend/internal/infra/firestore/deletion_repository.go:25.114,29.45 4 0
buskatotal-backend/internal/infra/firestore/deletion_repository.go:29.45,31.3 1 0
buskatotal-backend/internal/infra/firestore/deletion_repository.go:32.2,32.17 1 0
buskatotal-backend/internal/infra/firestore/deletion_repository.go:35.100,37.16 2 0
buskatotal-backend/internal/infra/firestore/deletion_repository.go:37.16,39.3 1 0
buskatotal-backend/internal/infra/firestore/deletion_repository.go:40.2,41.42 2 0
buskatotal-backend/internal/infra/firestore/deletion_repository.go:41.42,43.3 1 0
buskatotal-backend/internal/infra/firestore/deletion_repository.go:44.2,44.17 1 0
buskatotal-backend/internal/infra/firestore/deletion_repository.go:47.110,50.16 3 0
buskatotal-backend/internal/infra/firestore/deletion_repository.go:50.16,52.3 1 0
buskatotal-backend/internal/infra/firestore/deletion_repository.go:53.2,54.29 2 0
buskatotal-backend/internal/infra/firestore/deletion_repository.go:54.29,56.43 2 0
buskatotal-backend/internal/infra/firestore/deletion_repository.go:56.43,58.4 1 0
buskatotal-backend/internal/infra/firestore/deletion_repository.go:59.3,59.31 1 0
buskatotal-backend/internal/infra/firestore/deletion_repository.go:61.2,61.20 1 0
buskatotal-backend/internal/infra/firestore/deletion_repository.go:64.88,66.16 2 0
buskatotal-backend/internal/infra/firestore/deletion_repository.go:66.16,68.3 1 0
buskatotal-backend/internal/infra/firestore/deletion_repository.go:69.2,70.29 2 0
buskatotal-backend/internal/infra/firestore/deletion_repository.go:70.29,72.43 2 0
buskatotal-backend/internal/infra/firestore/deletion_repository.go:72.43,74.4 1 0
buskatotal-backend/internal/infra/firestore/deletion_repository.go:75.3,75.31 1 0
buskatotal-backend/internal/infra/firestore/deletion_repository.go:77.2,77.20 1 0
buskatotal-backend/internal/infra/firestore/deletion_repository.go:80.114,81.68 1 0
buskatotal-backend/internal/infra/firestore/deletion_repository.go:81.68,83.3 1 0
buskatotal-backend/internal/infra/firestore/deletion_repository.go:84.2,84.17 1 0
buskatotal-backend/internal/infra/firestore/inspection_repository.go:18.78,20.2 1 0
buskatotal-backend/internal/infra/firestore/inspection_repository.go:22.119,28.90 5 0
buskatotal-backend/internal/infra/firestore/inspection_repository.go:28.90,30.3 1 0
buskatotal-backend/internal/infra/firestore/inspection_repository.go:31.2,31.18 1 0
buskatotal-backend/internal/infra/firestore/inspection_repository.go:34.103,36.16 2 0
buskatotal-backend/internal/infra/firestore/inspection_repository.go:36.16,38.3 1 0
buskatotal-backend/internal/infra/firestore/inspection_repository.go:39.2,40.43 2 0
buskatotal-backend/internal/infra/firestore/inspection_repository.go:40.43,42.3 1 0
buskatotal-backend/internal/infra/firestore/inspection_repository.go:43.2,43.18 1 0
buskatotal-backend/internal/infra/firestore/inspection_repository.go:46.115,48.16 2 0
buskatotal-backend/internal/infra/firestore/inspection_repository.go:48.16,50.3 1 0
buskatotal-backend/internal/infra/firestore/inspection_repository.go:51.2,51.21 1 0
buskatotal-backend/internal/infra/firestore/inspection_repository.go:51.21,53.3 1 0
buskatotal-backend/internal/infra/firestore/inspection_repository.go:54.2,55.47 2 0
buskatotal-backend/internal/infra/firestore/inspection_repository.go:55.47,57.3 1 0
buskatotal-backend/internal/infra/firestore/inspection_repository.go:58.2,58.18 1 0
buskatotal-backend/internal/infra/firestore/inspection_repository.go:61.113,66.16 2 0
buskatotal-backend/internal/infra/firestore/inspection_repository.go:66.16,68.3 1 0
buskatotal-backend/internal/infra/firestore/inspection_repository.go:69.2,70.29 2 0
buskatotal-backend/internal/infra/firestore/inspection_repository.go:70.29,72.44 2 0
buskatotal-backend/internal/infra/firestore/inspection_repository.go:72.44,74.4 1 0
buskatotal-backend/internal/infra/firestore/inspection_repository.go:75.3,75.32 1 0
buskatotal-backend/internal/infra/firestore/inspection_repository.go:77.2,77.20 1 0
buskatotal-backend/internal/infra/firestore/inspection_repository.go:80.119,82.90 2 0
buskatotal-backend/internal/infra/firestore/inspection_repository.go:82.90,84.3 1 0
buskatotal-backend/internal/infra/firestore/inspection_repository.go:85.2,85.18 1 0
buskatotal-backend/internal/infra/firestore/log_repository.go:16.64,18.2 1 0
buskatotal-backend/internal/infra/firestore/log_repository.go:20.63,22.2 1 0
buskatotal-backend/internal/infra/firestore/log_repository.go:24.87,30.2 5 0
buskatotal-backend/internal/infra/firestore/log_repository.go:32.107,35.16 3 0
buskatotal-backend/internal/infra/firestore/log_repository.go:35.16,37.3 1 0
buskatotal-backend/internal/infra/firestore/log_repository.go:38.2,39.29 2 0
buskatotal-backend/internal/infra/firestore/log_repository.go:39.29,41.45 2 0
buskatotal-backend/internal/infra/firestore/log_repository.go:41.45,43.4 1 0
buskatotal-backend/internal/infra/firestore/log_repository.go:44.3,44.33 1 0
buskatotal-backend/internal/infra/firestore/log_repository.go:46.2,46.20 1 0
buskatotal-backend/internal/infra/firestore/order_repository.go:18.68,20.2 1 0
buskatotal-backend/internal/infra/firestore/order_repository.go:22.99,28.87 5 0
buskatotal-backend/internal/infra/firestore/order_repository.go:28.87,30.3 1 0
buskatotal-backend/internal/infra/firestore/order_repository.go:31.2,31.19 1 0
buskatotal-backend/internal/infra/firestore/order_repository.go:34.90,36.16 2 0
buskatotal-backend/internal/infra/firestore/order_repository.go:36.16,38.3 1 0
buskatotal-backend/internal/infra/firestore/order_repository.go:39.2,40.44 2 0
buskatotal-backend/internal/infra/firestore/order_repository.go:40.44,42.3 1 0
buskatotal-backend/internal/infra/firestore/order_repository.go:43.2,43.19 1 0
buskatotal-backend/internal/infra/firestore/order_repository.go:46.108,48.16 2 0
buskatotal-backend/internal/infra/firestore/order_repository.go:48.16,50.3 1 0
buskatotal-backend/internal/infra/firestore/order_repository.go:51.2,51.21 1 0
buskatotal-backend/internal/infra/firestore/order_repository.go:51.21,53.3 1 0
buskatotal-backend/internal/infra/firestore/order_repository.go:54.2,55.48 2 0
buskatotal-backend/internal/infra/firestore/order_repository.go:55.48,57.3 1 0
buskatotal-backend/internal/infra/firestore/order_repository.go:58.2,58.19 1 0
buskatotal-backend/internal/infra/firestore/order_repository.go:61.100,63.16 2 0
buskatotal-backend/internal/infra/firestore/order_repository.go:63.16,65.3 1 0
buskatotal-backend/internal/infra/firestore/order_repository.go:66.2,67.29 2 0
buskatotal-backend/internal/infra/firestore/order_repository.go:67.29,69.45 2 0
buskatotal-backend/internal/infra/firestore/order_repository.go:69.45,71.4 1 0
buskatotal-backend/internal/infra/firestore/order_repository.go:72.3,72.33 1 0
buskatotal-backend/internal/infra/firestore/order_repository.go:74.2,74.20 1 0
buskatotal-backend/internal/infra/firestore/order_repository.go:77.90,79.16 2 0
buskatotal-backend/internal/infra/firestore/order_repository.go:79.16,81.3 1 0
buskatotal-backend/internal/infra/firestore/order_repository.go:82.2,83.29 2 0
buskatotal-backend/internal/infra/firestore/order_repository.go:83.29,85.45 2 0
buskatotal-backend/internal/infra/firestore/order_repository.go:85.45,87.4 1 0
buskatotal-backend/internal/infra/firestore/order_repository.go:88.3,88.33 1 0
buskatotal-backend/internal/infra/firestore/order_repository.go:90.2,90.20 1 0
buskatotal-backend/internal/infra/firestore/order_repository.go:93.99,95.87 2 0
buskatotal-backend/internal/infra/firestore/order_repository.go:95.87,97.3 1 0
buskatotal-backend/internal/infra/firestore/order_repository.go:98.2,98.19 1 0
buskatotal-backend/internal/infra/firestore/user_repository.go:19.66,21.2 1 0
buskatotal-backend/internal/infra/firestore/user_repository.go:23.91,30.51 6 0
buskatotal-backend/internal/infra/firestore/user_repository.go:30.51,32.6 1 0
buskatotal-backend/internal/infra/firestore/user_repository.go:33.5,33.23 1 0
buskatotal-backend/internal/infra/firestore/user_repository.go:36.85,38.19 2 0
buskatotal-backend/internal/infra/firestore/user_repository.go:38.19,40.6 1 0
buskatotal-backend/internal/infra/firestore/user_repository.go:41.5,42.48 2 0
buskatotal-backend/internal/infra/firestore/user_repository.go:42.48,44.6 1 0
buskatotal-backend/internal/infra/firestore/user_repository.go:45.5,45.23 1 0
buskatotal-backend/internal/infra/firestore/user_repository.go:48.91,51.19 3 0
buskatotal-backend/internal/infra/firestore/user_repository.go:51.19,53.6 1 0
buskatotal-backend/internal/infra/firestore/user_repository.go:54.5,54.24 1 0
buskatotal-backend/internal/infra/firestore/user_repository.go:54.24,56.6 1 0
buskatotal-backend/internal/infra/firestore/user_repository.go:57.5,58.52 2 0
buskatotal-backend/internal/infra/firestore/user_repository.go:58.52,60.6 1 0
buskatotal-backend/internal/infra/firestore/user_repository.go:61.5,61.23 1 0
buskatotal-backend/internal/infra/firestore/user_repository.go:64.73,67.19 3 0
buskatotal-backend/internal/infra/firestore/user_repository.go:67.19,69.6 1 0
buskatotal-backend/internal/infra/firestore/user_repository.go:70.5,71.32 2 0
buskatotal-backend/internal/infra/firestore/user_repository.go:71.32,73.52 2 0
buskatotal-backend/internal/infra/firestore/user_repository.go:73.52,75.10 1 0
buskatotal-backend/internal/infra/firestore/user_repository.go:76.9,76.38 1 0
buskatotal-backend/internal/infra/firestore/user_repository.go:78.5,78.22 1 0
buskatotal-backend/internal/infra/firestore/user_repository.go:81.91,83.91 2 0
buskatotal-backend/internal/infra/firestore/user_repository.go:83.91,85.6 1 0
buskatotal-backend/internal/infra/firestore/user_repository.go:86.5,86.23 1 0
buskatotal-backend/internal/infra/firestore/user_repository.go:89.71,92.2 2 0
buskatotal-backend/internal/infra/firestore/user_repository.go:94.91,96.100 2 0
buskatotal-backend/internal/infra/firestore/user_repository.go:96.100,98.23 2 0
buskatotal-backend/internal/infra/firestore/user_repository.go:98.23,99.51 1 0
buskatotal-backend/internal/infra/firestore/user_repository.go:99.51,101.14 1 0
buskatotal-backend/internal/infra/firestore/user_repository.go:102.13,102.23 1 0
buskatotal-backend/internal/infra/firestore/user_repository.go:104.9,105.52 2 0
buskatotal-backend/internal/infra/firestore/user_repository.go:105.52,107.10 1 0
buskatotal-backend/internal/infra/firestore/user_repository.go:108.9,108.36 1 0
buskatotal-backend/internal/infra/firestore/user_repository.go:108.36,110.10 1 0
buskatotal-backend/internal/infra/firestore/user_repository.go:111.9,113.35 3 0
buskatotal-backend/internal/infra/firestore/user_repository.go:117.92,119.100 2 0
buskatotal-backend/internal/infra/firestore/user_repository.go:119.100,121.23 2 0
buskatotal-backend/internal/infra/firestore/user_repository.go:121.23,122.51 1 0
buskatotal-backend/internal/infra/firestore/user_repository.go:122.51,124.14 1 0
buskatotal-backend/internal/infra/firestore/user_repository.go:125.13,125.23 1 0
buskatotal-backend/internal/infra/firestore/user_repository.go:127.9,128.52 2 0
buskatotal-backend/internal/infra/firestore/user_repository.go:128.52,130.10 1 0
buskatotal-backend/internal/infra/firestore/user_repository.go:131.9,133.35 3 0
buskatotal-backend/internal/infra/firestore/verification_repository.go:16.82,18.2 1 0
buskatotal-backend/internal/infra/firestore/verification_repository.go:20.72,22.2 1 0
buskatotal-backend/internal/infra/firestore/verification_repository.go:24.116,30.47 5 0
buskatotal-backend/internal/infra/firestore/verification_repository.go:30.47,32.3 1 0
buskatotal-backend/internal/infra/firestore/verification_repository.go:33.2,33.19 1 0
buskatotal-backend/internal/infra/firestore/verification_repository.go:36.111,39.16 3 0
buskatotal-backend/internal/infra/firestore/verification_repository.go:39.16,41.3 1 0
buskatotal-backend/internal/infra/firestore/verification_repository.go:42.2,42.21 1 0
buskatotal-backend/internal/infra/firestore/verification_repository.go:42.21,44.3 1 0
buskatotal-backend/internal/infra/firestore/verification_repository.go:46.2,47.48 2 0
buskatotal-backend/internal/infra/firestore/verification_repository.go:47.48,49.3 1 0
buskatotal-backend/internal/infra/firestore/verification_repository.go:50.2,50.19 1 0
buskatotal-backend/internal/infra/firestore/verification_repository.go:53.81,58.2 2 0
buskatotal-backend/internal/infra/firestore/verification_repository.go:60.91,63.16 3 0
buskatotal-backend/internal/infra/firestore/verification_repository.go:63.16,65.3 1 0
buskatotal-backend/internal/infra/firestore/verification_repository.go:66.2,66.29 1 0
buskatotal-backend/internal/infra/firestore/verification_repository.go:66.29,67.49 1 0
buskatotal-backend/internal/infra/firestore/verification_repository.go:67.49,69.4 1 0
buskatotal-backend/internal/infra/firestore/verification_repository.go:71.2,71.12 1 0
buskatotal-backend/internal/infra/infovist/client.go:62.67,72.2 1 0
buskatotal-backend/internal/infra/infovist/client.go:74.75,75.59 1 0
buskatotal-backend/internal/infra/infovist/client.go:75.59,77.3 1 0
buskatotal-backend/internal/infra/infovist/client.go:79.2,84.16 2 0
buskatotal-backend/internal/infra/infovist/client.go:84.16,86.3 1 0
buskatotal-backend/internal/infra/infovist/client.go:88.2,89.16 2 0
buskatotal-backend/internal/infra/infovist/client.go:89.16,91.3 1 0
buskatotal-backend/internal/infra/infovist/client.go:92.2,95.16 3 0
buskatotal-backend/internal/infra/infovist/client.go:95.16,97.3 1 0
buskatotal-backend/internal/infra/infovist/client.go:98.2,102.53 3 0
buskatotal-backend/internal/infra/infovist/client.go:102.53,104.3 1 0
buskatotal-backend/internal/infra/infovist/client.go:107.2,110.55 2 0
buskatotal-backend/internal/infra/infovist/client.go:110.55,112.3 1 0
buskatotal-backend/internal/infra/infovist/client.go:113.2,113.36 1 0
buskatotal-backend/internal/infra/infovist/client.go:113.36,115.3 1 0
buskatotal-backend/internal/infra/infovist/client.go:117.2,117.27 1 0
buskatotal-backend/internal/infra/infovist/client.go:120.136,122.16 2 0
buskatotal-backend/internal/infra/infovist/client.go:122.16,124.3 1 0
buskatotal-backend/internal/infra/infovist/client.go:126.2,127.16 2 0
buskatotal-backend/internal/infra/infovist/client.go:127.16,129.3 1 0
buskatotal-backend/internal/infra/infovist/client.go:130.2,134.53 3 0
buskatotal-backend/internal/infra/infovist/client.go:134.53,136.3 1 0
buskatotal-backend/internal/infra/infovist/client.go:138.2,139.79 2 0
buskatotal-backend/internal/infra/infovist/client.go:139.79,141.3 1 0
buskatotal-backend/internal/infra/infovist/client.go:143.2,146.55 2 0
buskatotal-backend/internal/infra/infovist/client.go:146.55,148.3 1 0
buskatotal-backend/internal/infra/infovist/client.go:149.2,149.27 1 0
buskatotal-backend/internal/infra/infovist/client.go:152.111,154.16 2 0
buskatotal-backend/internal/infra/infovist/client.go:154.16,156.3 1 0
buskatotal-backend/internal/infra/infovist/client.go:157.2,161.53 3 0
buskatotal-backend/internal/infra/infovist/client.go:161.53,163.3 1 0
buskatotal-backend/internal/infra/infovist/client.go:166.2,167.79 2 0
buskatotal-backend/internal/infra/infovist/client.go:167.79,169.3 1 0
buskatotal-backend/internal/infra/infovist/client.go:171.2,174.55 2 0
buskatotal-backend/internal/infra/infovist/client.go:174.55,176.3 1 0
buskatotal-backend/internal/infra/infovist/client.go:177.2,177.27 1 0
buskatotal-backend/internal/infra/infovist/client.go:218.100,220.16 2 0
buskatotal-backend/internal/infra/infovist/client.go:220.16,222.3 1 0
buskatotal-backend/internal/infra/infovist/client.go:223.2,225.61 2 0
buskatotal-backend/internal/infra/infovist/client.go:225.61,227.3 1 0
buskatotal-backend/internal/infra/infovist/client.go:229.2,230.67 2 0
buskatotal-backend/internal/infra/infovist/client.go:230.67,232.3 1 0
buskatotal-backend/internal/infra/infovist/client.go:233.2,233.21 1 0
buskatotal-backend/internal/infra/infovist/client.go:236.102,241.16 3 0
buskatotal-backend/internal/infra/infovist/client.go:241.16,243.3 1 0
buskatotal-backend/internal/infra/infovist/client.go:244.2,248.16 4 0
buskatotal-backend/internal/infra/infovist/client.go:248.16,250.3 1 0
buskatotal-backend/internal/infra/infovist/client.go:251.2,253.61 2 0
buskatotal-backend/internal/infra/infovist/client.go:253.61,255.3 1 0
buskatotal-backend/internal/infra/infovist/client.go:257.2,258.67 2 0
buskatotal-backend/internal/infra/infovist/client.go:258.67,260.3 1 0
buskatotal-backend/internal/infra/infovist/client.go:261.2,261.21 1 0
buskatotal-backend/internal/infra/infovist/client.go:264.117,265.17 1 0
buskatotal-backend/internal/infra/infovist/client.go:265.17,267.3 1 0
buskatotal-backend/internal/infra/infovist/client.go:269.2,270.17 2 0
buskatotal-backend/internal/infra/infovist/client.go:270.17,272.3 1 0
buskatotal-backend/internal/infra/infovist/client.go:274.2,275.16 2 0
buskatotal-backend/internal/infra/infovist/client.go:275.16,277.3 1 0
buskatotal-backend/internal/infra/infovist/client.go:278.2,281.23 3 0
buskatotal-backend/internal/infra/infovist/client.go:284.65,285.53 1 0
buskatotal-backend/internal/infra/infovist/client.go:285.53,287.3 1 0
buskatotal-backend/internal/infra/infovist/client.go:289.2,290.99 2 0
buskatotal-backend/internal/infra/resend/client.go:22.39,29.2 1 0
buskatotal-backend/internal/infra/resend/client.go:38.69,47.16 3 0
buskatotal-backend/internal/infra/resend/client.go:47.16,49.3 1 0
buskatotal-backend/internal/infra/resend/client.go:51.2,52.16 2 0
buskatotal-backend/internal/infra/resend/client.go:52.16,54.3 1 0
buskatotal-backend/internal/infra/resend/client.go:56.2,60.16 4 0
buskatotal-backend/internal/infra/resend/client.go:60.16,62.3 1 0
buskatotal-backend/internal/infra/resend/client.go:63.2,65.28 2 0
buskatotal-backend/internal/infra/resend/client.go:65.28,68.3 2 0
buskatotal-backend/internal/infra/resend/client.go:70.2,70.12 1 0
buskatotal-backend/internal/infra/infocar/client.go:36.63,46.2 1 0
buskatotal-backend/internal/infra/infocar/client.go:48.69,49.41 1 0
buskatotal-backend/internal/infra/infocar/client.go:49.41,51.6 1 0
buskatotal-backend/internal/infra/infocar/client.go:53.5,55.19 3 0
buskatotal-backend/internal/infra/infocar/client.go:55.19,57.6 1 0
buskatotal-backend/internal/infra/infocar/client.go:59.5,60.19 2 0
buskatotal-backend/internal/infra/infocar/client.go:60.19,62.6 1 0
buskatotal-backend/internal/infra/infocar/client.go:63.5,66.19 3 0
buskatotal-backend/internal/infra/infocar/client.go:66.19,68.6 1 0
buskatotal-backend/internal/infra/infocar/client.go:69.5,71.56 2 0
buskatotal-backend/internal/infra/infocar/client.go:71.56,73.6 1 0
buskatotal-backend/internal/infra/infocar/client.go:75.5,76.77 2 0
buskatotal-backend/internal/infra/infocar/client.go:76.77,78.6 1 0
buskatotal-backend/internal/infra/infocar/client.go:79.5,79.34 1 0
buskatotal-backend/internal/infra/infocar/client.go:79.34,81.6 1 0
buskatotal-backend/internal/infra/infocar/client.go:83.5,83.36 1 0
buskatotal-backend/internal/infra/infocar/client.go:86.116,87.22 1 0
buskatotal-backend/internal/infra/infocar/client.go:87.22,89.6 1 0
buskatotal-backend/internal/infra/infocar/client.go:90.5,90.20 1 0
buskatotal-backend/internal/infra/infocar/client.go:90.20,92.6 1 0
buskatotal-backend/internal/infra/infocar/client.go:93.5,93.39 1 0
buskatotal-backend/internal/infra/infocar/client.go:93.39,95.6 1 0
buskatotal-backend/internal/infra/infocar/client.go:97.5,99.19 3 0
buskatotal-backend/internal/infra/infocar/client.go:99.19,101.6 1 0
buskatotal-backend/internal/infra/infocar/client.go:102.5,106.19 4 0
buskatotal-backend/internal/infra/infocar/client.go:106.19,108.6 1 0
buskatotal-backend/internal/infra/infocar/client.go:109.5,111.56 2 0
buskatotal-backend/internal/infra/infocar/client.go:111.56,113.6 1 0
buskatotal-backend/internal/infra/infocar/client.go:115.5,116.70 2 0
buskatotal-backend/internal/infra/infocar/client.go:116.70,118.6 1 0
buskatotal-backend/internal/infra/infocar/client.go:120.5,120.24 1 0
buskatotal-backend/internal/infra/infocar/client.go:125.135,126.22 1 0
buskatotal-backend/internal/infra/infocar/client.go:126.22,128.6 1 0
buskatotal-backend/internal/infra/infocar/client.go:129.5,129.20 1 0
buskatotal-backend/internal/infra/infocar/client.go:129.20,131.6 1 0
buskatotal-backend/internal/infra/infocar/client.go:132.5,132.39 1 0
buskatotal-backend/internal/infra/infocar/client.go:132.39,134.6 1 0
buskatotal-backend/internal/infra/infocar/client.go:136.5,138.19 3 0
buskatotal-backend/internal/infra/infocar/client.go:138.19,140.6 1 0
buskatotal-backend/internal/infra/infocar/client.go:141.5,145.19 4 0
buskatotal-backend/internal/infra/infocar/client.go:145.19,147.6 1 0
buskatotal-backend/internal/infra/infocar/client.go:148.5,150.56 2 0
buskatotal-backend/internal/infra/infocar/client.go:150.56,152.6 1 0
buskatotal-backend/internal/infra/infocar/client.go:154.5,155.70 2 0
buskatotal-backend/internal/infra/infocar/client.go:155.70,157.6 1 0
buskatotal-backend/internal/infra/infocar/client.go:159.5,159.24 1 0
buskatotal-backend/internal/infra/infocar/client.go:162.52,165.2 2 0
buskatotal-backend/internal/infra/infocar/client.go:168.42,172.2 1 0
buskatotal-backend/internal/infra/payment/mock_provider.go:19.38,21.2 1 0
buskatotal-backend/internal/infra/payment/mock_provider.go:23.114,32.2 2 0
buskatotal-backend/internal/infra/payment/mock_provider.go:34.106,37.2 2 0
buskatotal-backend/internal/infra/payment/mock_provider.go:39.103,46.2 2 0
buskatotal-backend/internal/infra/payment/mock_provider.go:50.40,61.28 7 0
buskatotal-backend/internal/infra/payment/mock_provider.go:61.28,62.29 1 0
buskatotal-backend/internal/infra/payment/mock_provider.go:62.29,64.4 1 0
buskatotal-backend/internal/infra/payment/mock_provider.go:68.2,68.43 1 0
buskatotal-backend/internal/infra/payment/mock_provider.go:68.43,69.44 1 0
buskatotal-backend/internal/infra/payment/mock_provider.go:69.44,70.24 1 0
buskatotal-backend/internal/infra/payment/mock_provider.go:70.24,73.107 2 0
buskatotal-backend/internal/infra/payment/mock_provider.go:73.107,75.6 1 0
buskatotal-backend/internal/infra/payment/mock_provider.go:76.5,76.38 1 0
buskatotal-backend/internal/infra/payment/mock_provider.go:76.38,77.39 1 0
buskatotal-backend/internal/infra/payment/mock_provider.go:77.39,79.7 1 0
buskatotal-backend/internal/infra/payment/mock_provider.go:85.2,87.82 3 0
buskatotal-backend/internal/infra/payment/picpay_provider.go:36.71,42.2 1 0
buskatotal-backend/internal/infra/payment/picpay_provider.go:46.78,50.61 3 0
buskatotal-backend/internal/infra/payment/picpay_provider.go:50.61,52.3 1 0
buskatotal-backend/internal/infra/payment/picpay_provider.go:54.2,60.16 3 0
buskatotal-backend/internal/infra/payment/picpay_provider.go:60.16,62.3 1 0
buskatotal-backend/internal/infra/payment/picpay_provider.go:64.2,65.16 2 0
buskatotal-backend/internal/infra/payment/picpay_provider.go:65.16,67.3 1 0
buskatotal-backend/internal/infra/payment/picpay_provider.go:68.2,72.16 4 0
buskatotal-backend/internal/infra/payment/picpay_provider.go:72.16,74.3 1 0
buskatotal-backend/internal/infra/payment/picpay_provider.go:75.2,78.16 3 0
buskatotal-backend/internal/infra/payment/picpay_provider.go:78.16,80.3 1 0
buskatotal-backend/internal/infra/payment/picpay_provider.go:82.2,82.38 1 0
buskatotal-backend/internal/infra/payment/picpay_provider.go:82.38,84.3 1 0
buskatotal-backend/internal/infra/payment/picpay_provider.go:86.2,90.57 2 0
buskatotal-backend/internal/infra/payment/picpay_provider.go:90.57,92.3 1 0
buskatotal-backend/internal/infra/payment/picpay_provider.go:94.2,97.27 3 0
buskatotal-backend/internal/infra/payment/picpay_provider.go:147.118,148.46 1 0
buskatotal-backend/internal/infra/payment/picpay_provider.go:148.46,150.3 1 0
buskatotal-backend/internal/infra/payment/picpay_provider.go:152.2,153.16 2 0
buskatotal-backend/internal/infra/payment/picpay_provider.go:153.16,155.3 1 0
buskatotal-backend/internal/infra/payment/picpay_provider.go:157.2,160.27 3 0
buskatotal-backend/internal/infra/payment/picpay_provider.go:160.27,162.3 1 0
buskatotal-backend/internal/infra/payment/picpay_provider.go:164.2,187.16 3 0
buskatotal-backend/internal/infra/payment/picpay_provider.go:187.16,189.3 1 0
buskatotal-backend/internal/infra/payment/picpay_provider.go:191.2,192.16 2 0
buskatotal-backend/internal/infra/payment/picpay_provider.go:192.16,194.3 1 0
buskatotal-backend/internal/infra/payment/picpay_provider.go:195.2,199.16 4 0
buskatotal-backend/internal/infra/payment/picpay_provider.go:199.16,201.3 1 0
buskatotal-backend/internal/infra/payment/picpay_provider.go:202.2,205.16 3 0
buskatotal-backend/internal/infra/payment/picpay_provider.go:205.16,207.3 1 0
buskatotal-backend/internal/infra/payment/picpay_provider.go:209.2,209.79 1 0
buskatotal-backend/internal/infra/payment/picpay_provider.go:209.79,211.3 1 0
buskatotal-backend/internal/infra/payment/picpay_provider.go:213.2,214.63 2 0
buskatotal-backend/internal/infra/payment/picpay_provider.go:214.63,216.3 1 0
buskatotal-backend/internal/infra/payment/picpay_provider.go:218.2,223.58 3 0
buskatotal-backend/internal/infra/payment/picpay_provider.go:223.58,225.3 1 0
buskatotal-backend/internal/infra/payment/picpay_provider.go:227.2,232.8 1 0
buskatotal-backend/internal/infra/payment/picpay_provider.go:235.110,236.46 1 0
buskatotal-backend/internal/infra/payment/picpay_provider.go:236.46,238.3 1 0
buskatotal-backend/internal/infra/payment/picpay_provider.go:240.2,241.16 2 0
buskatotal-backend/internal/infra/payment/picpay_provider.go:241.16,243.3 1 0
buskatotal-backend/internal/infra/payment/picpay_provider.go:245.2,247.16 3 0
buskatotal-backend/internal/infra/payment/picpay_provider.go:247.16,249.3 1 0
buskatotal-backend/internal/infra/payment/picpay_provider.go:250.2,253.16 3 0
buskatotal-backend/internal/infra/payment/picpay_provider.go:253.16,255.3 1 0
buskatotal-backend/internal/infra/payment/picpay_provider.go:256.2,259.16 3 0
buskatotal-backend/internal/infra/payment/picpay_provider.go:259.16,261.3 1 0
buskatotal-backend/internal/infra/payment/picpay_provider.go:263.2,263.38 1 0
buskatotal-backend/internal/infra/payment/picpay_provider.go:263.38,265.3 1 0
buskatotal-backend/internal/infra/payment/picpay_provider.go:267.2,268.63 2 0
buskatotal-backend/internal/infra/payment/picpay_provider.go:268.63,270.3 1 0
buskatotal-backend/internal/infra/payment/picpay_provider.go:274.2,274.40 1 0
buskatotal-backend/internal/infra/payment/picpay_provider.go:274.40,275.43 1 0
buskatotal-backend/internal/infra/payment/picpay_provider.go:275.43,278.4 2 0
buskatotal-backend/internal/infra/payment/picpay_provider.go:281.2,281.34 1 0
buskatotal-backend/internal/infra/payment/picpay_provider.go:281.34,285.3 3 0
buskatotal-backend/internal/infra/payment/picpay_provider.go:287.2,288.34 2 0
buskatotal-backend/internal/infra/payment/picpay_provider.go:292.95,294.2 1 0
buskatotal-backend/internal/infra/payment/picpay_provider.go:298.51,299.28 1 0
buskatotal-backend/internal/infra/payment/picpay_provider.go:300.36,301.27 1 0
buskatotal-backend/internal/infra/payment/picpay_provider.go:302.17,303.30 1 0
buskatotal-backend/internal/infra/payment/picpay_provider.go:304.47,305.32 1 0
buskatotal-backend/internal/infra/payment/picpay_provider.go:306.20,307.33 1 0
buskatotal-backend/internal/infra/payment/picpay_provider.go:308.10,309.30 1 0
buskatotal-backend/internal/domain/user/user.go:23.30,25.2 1 0
buskatotal-backend/internal/app/admin_service.go:14.62,16.2 1 6
buskatotal-backend/internal/app/admin_service.go:18.76,20.2 1 1
buskatotal-backend/internal/app/admin_service.go:22.92,24.16 2 4
buskatotal-backend/internal/app/admin_service.go:24.16,26.3 1 0
buskatotal-backend/internal/app/admin_service.go:28.2,30.24 3 4
buskatotal-backend/internal/app/admin_service.go:30.24,33.30 1 7
buskatotal-backend/internal/app/admin_service.go:33.30,35.4 1 5
buskatotal-backend/internal/app/admin_service.go:37.2,37.20 1 4
buskatotal-backend/internal/app/admin_service.go:40.87,42.2 1 2
buskatotal-backend/internal/app/apifull_service.go:212.90,217.2 1 9
buskatotal-backend/internal/app/apifull_service.go:220.128,222.9 2 9
buskatotal-backend/internal/app/apifull_service.go:222.9,224.3 1 1
buskatotal-backend/internal/app/apifull_service.go:226.2,227.17 2 8
buskatotal-backend/internal/app/apifull_service.go:227.17,229.3 1 1
buskatotal-backend/internal/app/apifull_service.go:230.2,230.18 1 7
buskatotal-backend/internal/app/apifull_service.go:230.18,232.3 1 1
buskatotal-backend/internal/app/apifull_service.go:235.2,235.64 1 6
buskatotal-backend/internal/app/apifull_service.go:235.64,237.3 1 2
buskatotal-backend/internal/app/apifull_service.go:240.2,240.80 1 4
buskatotal-backend/internal/app/apifull_service.go:240.80,242.3 1 1
buskatotal-backend/internal/app/apifull_service.go:245.2,249.27 2 3
buskatotal-backend/internal/app/apifull_service.go:250.13,251.22 1 1
buskatotal-backend/internal/app/apifull_service.go:252.14,253.23 1 0
buskatotal-backend/internal/app/apifull_service.go:254.18,255.27 1 0
buskatotal-backend/internal/app/apifull_service.go:256.15,257.24 1 0
buskatotal-backend/internal/app/apifull_service.go:258.14,262.21 3 0
buskatotal-backend/internal/app/apifull_service.go:262.21,264.4 1 0
buskatotal-backend/internal/app/apifull_service.go:265.18,268.21 2 2
buskatotal-backend/internal/app/apifull_service.go:268.21,271.4 2 1
buskatotal-backend/internal/app/apifull_service.go:272.3,273.49 2 1
buskatotal-backend/internal/app/apifull_service.go:274.10,276.76 2 0
buskatotal-backend/internal/app/apifull_service.go:279.2,280.16 2 2
buskatotal-backend/internal/app/apifull_service.go:280.16,283.3 2 2
buskatotal-backend/internal/app/apifull_service.go:285.2,285.20 1 0
buskatotal-backend/internal/app/apifull_service.go:289.51,290.19 1 32
buskatotal-backend/internal/app/apifull_service.go:291.13,292.32 1 10
buskatotal-backend/internal/app/apifull_service.go:292.32,294.4 1 6
buskatotal-backend/internal/app/apifull_service.go:295.14,296.33 1 5
buskatotal-backend/internal/app/apifull_service.go:296.33,298.4 1 3
buskatotal-backend/internal/app/apifull_service.go:299.18,300.62 1 4
buskatotal-backend/internal/app/apifull_service.go:300.62,302.4 1 2
buskatotal-backend/internal/app/apifull_service.go:303.15,304.34 1 8
buskatotal-backend/internal/app/apifull_service.go:304.34,306.4 1 5
buskatotal-backend/internal/app/apifull_service.go:307.14,308.41 1 3
buskatotal-backend/internal/app/apifull_service.go:308.41,310.4 1 1
buskatotal-backend/internal/app/apifull_service.go:311.18,311.18 0 2
buskatotal-backend/internal/app/apifull_service.go:314.2,314.12 1 15
buskatotal-backend/internal/app/app.go:27.18,30.32 2 0
buskatotal-backend/internal/app/app.go:30.32,32.6 1 0
buskatotal-backend/internal/app/app.go:34.5,37.35 3 0
buskatotal-backend/internal/app/app.go:37.35,39.6 1 0
buskatotal-backend/internal/app/app.go:40.5,40.37 1 0
buskatotal-backend/internal/app/app.go:40.37,43.42 3 0
buskatotal-backend/internal/app/app.go:43.42,44.28 1 0
buskatotal-backend/internal/app/app.go:44.28,46.22 2 0
buskatotal-backend/internal/app/app.go:49.9,49.20 1 0
buskatotal-backend/internal/app/app.go:49.20,51.10 1 0
buskatotal-backend/internal/app/app.go:52.9,54.51 3 0
buskatotal-backend/internal/app/app.go:54.51,57.10 2 0
buskatotal-backend/internal/app/app.go:58.9,58.17 1 0
buskatotal-backend/internal/app/app.go:60.5,60.48 1 0
buskatotal-backend/internal/app/app.go:60.48,62.6 1 0
buskatotal-backend/internal/app/app.go:64.5,70.65 5 0
buskatotal-backend/internal/app/app.go:70.65,72.6 1 0
buskatotal-backend/internal/app/app.go:74.5,76.31 3 0
buskatotal-backend/internal/app/app.go:76.31,78.6 1 0
buskatotal-backend/internal/app/app.go:80.5,80.53 1 0
buskatotal-backend/internal/app/app.go:80.53,86.31 6 0
buskatotal-backend/internal/app/app.go:86.31,89.10 2 0
buskatotal-backend/internal/app/app.go:90.9,116.196 22 0
buskatotal-backend/internal/app/app.go:117.11,119.23 2 0
buskatotal-backend/internal/app/app.go:119.23,121.10 1 0
buskatotal-backend/internal/app/app.go:122.9,129.31 7 0
buskatotal-backend/internal/app/app.go:129.31,132.10 2 0
buskatotal-backend/internal/app/app.go:133.9,161.196 23 0
buskatotal-backend/internal/app/app.go:164.5,165.28 2 0
buskatotal-backend/internal/app/app.go:169.93,170.19 1 0
buskatotal-backend/internal/app/app.go:170.19,172.6 1 0
buskatotal-backend/internal/app/app.go:173.5,173.15 1 0
buskatotal-backend/internal/app/app.go:176.53,179.24 3 0
buskatotal-backend/internal/app/app.go:179.24,182.6 2 0
buskatotal-backend/internal/app/auth_service.go:16.46,17.27 1 16
buskatotal-backend/internal/app/auth_service.go:17.27,19.6 1 3
buskatotal-backend/internal/app/auth_service.go:20.5,20.59 1 13
buskatotal-backend/internal/app/auth_service.go:20.59,22.6 1 1
buskatotal-backend/internal/app/auth_service.go:23.5,23.59 1 12
buskatotal-backend/internal/app/auth_service.go:23.59,25.6 1 1
buskatotal-backend/internal/app/auth_service.go:26.5,26.59 1 11
buskatotal-backend/internal/app/auth_service.go:26.59,28.6 1 1
buskatotal-backend/internal/app/auth_service.go:29.5,29.61 1 10
buskatotal-backend/internal/app/auth_service.go:29.61,31.6 1 1
buskatotal-backend/internal/app/auth_service.go:32.5,32.15 1 9
buskatotal-backend/internal/app/auth_service.go:48.143,55.2 1 21
buskatotal-backend/internal/app/auth_service.go:57.110,58.38 1 9
buskatotal-backend/internal/app/auth_service.go:58.38,60.6 1 1
buskatotal-backend/internal/app/auth_service.go:62.5,62.54 1 8
buskatotal-backend/internal/app/auth_service.go:62.54,64.6 1 1
buskatotal-backend/internal/app/auth_service.go:66.5,66.19 1 7
buskatotal-backend/internal/app/auth_service.go:66.19,68.6 1 0
buskatotal-backend/internal/app/auth_service.go:70.5,70.60 1 7
buskatotal-backend/internal/app/auth_service.go:70.60,72.6 1 1
buskatotal-backend/internal/app/auth_service.go:74.5,75.19 2 6
buskatotal-backend/internal/app/auth_service.go:75.19,77.6 1 0
buskatotal-backend/internal/app/auth_service.go:79.5,80.27 2 6
buskatotal-backend/internal/app/auth_service.go:80.27,82.6 1 1
buskatotal-backend/internal/app/auth_service.go:84.5,93.19 3 6
buskatotal-backend/internal/app/auth_service.go:93.19,95.6 1 0
buskatotal-backend/internal/app/auth_service.go:98.5,98.35 1 6
buskatotal-backend/internal/app/auth_service.go:98.35,99.19 1 6
buskatotal-backend/internal/app/auth_service.go:99.19,100.120 1 6
buskatotal-backend/internal/app/auth_service.go:100.120,102.14 1 0
buskatotal-backend/internal/app/auth_service.go:106.5,107.19 2 6
buskatotal-backend/internal/app/auth_service.go:107.19,109.6 1 0
buskatotal-backend/internal/app/auth_service.go:111.5,111.31 1 6
buskatotal-backend/internal/app/auth_service.go:114.101,115.38 1 6
buskatotal-backend/internal/app/auth_service.go:115.38,117.6 1 1
buskatotal-backend/internal/app/auth_service.go:119.5,120.19 2 5
buskatotal-backend/internal/app/auth_service.go:120.19,122.6 1 1
buskatotal-backend/internal/app/auth_service.go:124.5,124.104 1 4
buskatotal-backend/internal/app/auth_service.go:124.104,126.6 1 1
buskatotal-backend/internal/app/auth_service.go:129.5,129.67 1 3
buskatotal-backend/internal/app/auth_service.go:129.67,132.6 2 1
buskatotal-backend/internal/app/auth_service.go:134.5,135.19 2 3
buskatotal-backend/internal/app/auth_service.go:135.19,137.6 1 1
buskatotal-backend/internal/app/auth_service.go:139.5,139.30 1 2
buskatotal-backend/internal/app/auth_service.go:142.83,143.35 1 3
buskatotal-backend/internal/app/auth_service.go:143.35,145.6 1 1
buskatotal-backend/internal/app/auth_service.go:147.5,147.24 1 2
buskatotal-backend/internal/app/auth_service.go:147.24,149.6 1 0
buskatotal-backend/internal/app/auth_service.go:151.5,152.19 2 2
buskatotal-backend/internal/app/auth_service.go:152.19,155.6 1 1
buskatotal-backend/internal/app/auth_service.go:157.5,157.106 1 1
buskatotal-backend/internal/app/auth_service.go:157.106,159.6 1 0
buskatotal-backend/internal/app/auth_service.go:161.5,161.15 1 1
buskatotal-backend/internal/app/auth_service.go:164.94,165.35 1 4
buskatotal-backend/internal/app/auth_service.go:165.35,167.6 1 1
buskatotal-backend/internal/app/auth_service.go:169.5,169.44 1 3
buskatotal-backend/internal/app/auth_service.go:169.44,171.6 1 1
buskatotal-backend/internal/app/auth_service.go:173.5,173.57 1 2
buskatotal-backend/internal/app/auth_service.go:173.57,175.6 1 1
buskatotal-backend/internal/app/auth_service.go:177.5,178.19 2 1
buskatotal-backend/internal/app/auth_service.go:178.19,180.6 1 0
buskatotal-backend/internal/app/auth_service.go:182.5,183.19 2 1
buskatotal-backend/internal/app/auth_service.go:183.19,185.6 1 0
buskatotal-backend/internal/app/auth_service.go:187.5,188.19 2 1
buskatotal-backend/internal/app/auth_service.go:188.19,190.6 1 0
buskatotal-backend/internal/app/auth_service.go:192.5,193.57 2 1
buskatotal-backend/internal/app/auth_service.go:193.57,195.6 1 0
buskatotal-backend/internal/app/auth_service.go:197.5,197.15 1 1
buskatotal-backend/internal/app/auth_service.go:200.84,201.35 1 3
buskatotal-backend/internal/app/auth_service.go:201.35,203.6 1 1
buskatotal-backend/internal/app/auth_service.go:205.5,206.19 2 2
buskatotal-backend/internal/app/auth_service.go:206.19,208.6 1 0
buskatotal-backend/internal/app/auth_service.go:210.5,210.29 1 2
buskatotal-backend/internal/app/auth_service.go:210.29,212.6 1 1
buskatotal-backend/internal/app/auth_service.go:214.5,214.77 1 1
buskatotal-backend/internal/app/auth_service.go:217.74,218.30 1 9
buskatotal-backend/internal/app/auth_service.go:218.30,220.6 1 1
buskatotal-backend/internal/app/auth_service.go:222.5,222.19 1 8
buskatotal-backend/internal/app/auth_service.go:222.19,224.6 1 0
buskatotal-backend/internal/app/auth_service.go:226.5,234.43 3 8
buskatotal-backend/internal/app/email_verification_service.go:35.29,41.2 1 22
buskatotal-backend/internal/app/email_verification_service.go:44.105,46.71 1 7
buskatotal-backend/internal/app/email_verification_service.go:46.71,48.3 1 0
buskatotal-backend/internal/app/email_verification_service.go:51.2,52.16 2 7
buskatotal-backend/internal/app/email_verification_service.go:52.16,54.3 1 0
buskatotal-backend/internal/app/email_verification_service.go:56.2,62.65 2 7
buskatotal-backend/internal/app/email_verification_service.go:62.65,64.3 1 0
buskatotal-backend/internal/app/email_verification_service.go:66.2,75.53 3 7
buskatotal-backend/internal/app/email_verification_service.go:75.53,77.3 1 0
buskatotal-backend/internal/app/email_verification_service.go:79.2,79.12 1 7
buskatotal-backend/internal/app/email_verification_service.go:83.87,85.16 2 4
buskatotal-backend/internal/app/email_verification_service.go:85.16,87.3 1 1
buskatotal-backend/internal/app/email_verification_service.go:89.2,89.16 1 3
buskatotal-backend/internal/app/email_verification_service.go:89.16,91.3 1 1
buskatotal-backend/internal/app/email_verification_service.go:93.2,93.23 1 2
buskatotal-backend/internal/app/email_verification_service.go:93.23,95.3 1 1
buskatotal-backend/internal/app/email_verification_service.go:98.2,98.67 1 1
buskatotal-backend/internal/app/email_verification_service.go:98.67,100.3 1 0
buskatotal-backend/internal/app/email_verification_service.go:103.2,104.16 2 1
buskatotal-backend/internal/app/email_verification_service.go:104.16,106.3 1 0
buskatotal-backend/internal/app/email_verification_service.go:108.2,109.53 2 1
buskatotal-backend/internal/app/email_verification_service.go:109.53,111.3 1 0
buskatotal-backend/internal/app/email_verification_service.go:113.2,113.12 1 1
buskatotal-backend/internal/app/email_verification_service.go:117.118,118.71 1 1
buskatotal-backend/internal/app/email_verification_service.go:118.71,120.3 1 0
buskatotal-backend/internal/app/email_verification_service.go:122.2,123.16 2 1
buskatotal-backend/internal/app/email_verification_service.go:123.16,125.3 1 0
buskatotal-backend/internal/app/email_verification_service.go:127.2,133.65 2 1
buskatotal-backend/internal/app/email_verification_service.go:133.65,135.3 1 0
buskatotal-backend/internal/app/email_verification_service.go:137.2,146.53 3 1
buskatotal-backend/internal/app/email_verification_service.go:146.53,148.3 1 0
buskatotal-backend/internal/app/email_verification_service.go:150.2,150.12 1 1
buskatotal-backend/internal/app/email_verification_service.go:154.109,156.16 2 4
buskatotal-backend/internal/app/email_verification_service.go:156.16,158.3 1 1
buskatotal-backend/internal/app/email_verification_service.go:160.2,160.16 1 3
buskatotal-backend/internal/app/email_verification_service.go:160.16,162.3 1 1
buskatotal-backend/internal/app/email_verification_service.go:164.2,164.23 1 2
buskatotal-backend/internal/app/email_verification_service.go:164.23,166.3 1 0
buskatotal-backend/internal/app/email_verification_service.go:168.2,168.67 1 2
buskatotal-backend/internal/app/email_verification_service.go:168.67,170.3 1 0
buskatotal-backend/internal/app/email_verification_service.go:172.2,172.26 1 2
buskatotal-backend/internal/app/email_verification_service.go:175.44,177.40 2 8
buskatotal-backend/internal/app/email_verification_service.go:177.40,179.3 1 0
buskatotal-backend/internal/app/email_verification_service.go:180.2,180.35 1 8
buskatotal-backend/internal/app/email_verification_service.go:183.49,205.2 1 1
buskatotal-backend/internal/app/email_verification_service.go:207.48,229.2 1 7
buskatotal-backend/internal/app/infocar_service.go:86.110,92.2 1 25
buskatotal-backend/internal/app/infocar_service.go:95.131,97.2 1 2
buskatotal-backend/internal/app/infocar_service.go:100.139,102.9 2 36
buskatotal-backend/internal/app/infocar_service.go:102.9,104.3 1 1
buskatotal-backend/internal/app/infocar_service.go:106.2,108.41 3 35
buskatotal-backend/internal/app/infocar_service.go:108.41,109.26 1 39
buskatotal-backend/internal/app/infocar_service.go:109.26,111.9 2 32
buskatotal-backend/internal/app/infocar_service.go:114.2,114.14 1 35
buskatotal-backend/internal/app/infocar_service.go:114.14,116.3 1 3
buskatotal-backend/internal/app/infocar_service.go:118.2,118.18 1 32
buskatotal-backend/internal/app/infocar_service.go:118.18,120.3 1 1
buskatotal-backend/internal/app/infocar_service.go:122.2,122.80 1 31
buskatotal-backend/internal/app/infocar_service.go:122.80,124.3 1 16
buskatotal-backend/internal/app/infocar_service.go:126.2,127.16 2 15
buskatotal-backend/internal/app/infocar_service.go:127.16,130.3 2 15
buskatotal-backend/internal/app/infocar_service.go:132.2,133.16 2 0
buskatotal-backend/internal/app/infocar_service.go:133.16,136.3 2 0
buskatotal-backend/internal/app/infocar_service.go:138.2,138.20 1 0
buskatotal-backend/internal/app/infocar_service.go:141.72,145.50 3 15
buskatotal-backend/internal/app/infocar_service.go:145.50,147.3 1 0
buskatotal-backend/internal/app/infocar_service.go:149.2,150.16 2 15
buskatotal-backend/internal/app/infocar_service.go:150.16,152.3 1 15
buskatotal-backend/internal/app/infocar_service.go:154.2,156.21 3 0
buskatotal-backend/internal/app/infovist_service.go:25.165,33.2 1 12
buskatotal-backend/internal/app/infovist_service.go:35.164,36.18 1 25
buskatotal-backend/internal/app/infovist_service.go:36.18,38.3 1 0
buskatotal-backend/internal/app/infovist_service.go:39.2,39.26 1 25
buskatotal-backend/internal/app/infovist_service.go:39.26,41.3 1 1
buskatotal-backend/internal/app/infovist_service.go:42.2,42.27 1 24
buskatotal-backend/internal/app/infovist_service.go:42.27,44.3 1 1
buskatotal-backend/internal/app/infovist_service.go:45.2,45.46 1 23
buskatotal-backend/internal/app/infovist_service.go:45.46,47.3 1 1
buskatotal-backend/internal/app/infovist_service.go:49.2,49.85 1 22
buskatotal-backend/internal/app/infovist_service.go:49.85,51.3 1 20
buskatotal-backend/internal/app/infovist_service.go:53.2,54.16 2 2
buskatotal-backend/internal/app/infovist_service.go:54.16,57.3 2 2
buskatotal-backend/internal/app/infovist_service.go:59.2,60.16 2 0
buskatotal-backend/internal/app/infovist_service.go:60.16,63.3 2 0
buskatotal-backend/internal/app/infovist_service.go:66.2,77.20 2 0
buskatotal-backend/internal/app/infovist_service.go:80.130,81.18 1 3
buskatotal-backend/internal/app/infovist_service.go:81.18,83.3 1 0
buskatotal-backend/internal/app/infovist_service.go:84.2,84.20 1 3
buskatotal-backend/internal/app/infovist_service.go:84.20,86.3 1 0
buskatotal-backend/internal/app/infovist_service.go:89.2,90.20 2 3
buskatotal-backend/internal/app/infovist_service.go:90.20,92.3 1 1
buskatotal-backend/internal/app/infovist_service.go:93.2,93.27 1 2
buskatotal-backend/internal/app/infovist_service.go:93.27,95.3 1 1
buskatotal-backend/internal/app/infovist_service.go:97.2,98.16 2 1
buskatotal-backend/internal/app/infovist_service.go:98.16,100.3 1 1
buskatotal-backend/internal/app/infovist_service.go:102.2,103.16 2 0
buskatotal-backend/internal/app/infovist_service.go:103.16,105.3 1 0
buskatotal-backend/internal/app/infovist_service.go:108.2,108.28 1 0
buskatotal-backend/internal/app/infovist_service.go:108.28,110.79 2 0
buskatotal-backend/internal/app/infovist_service.go:110.79,113.4 2 0
buskatotal-backend/internal/app/infovist_service.go:116.2,116.18 1 0
buskatotal-backend/internal/app/infovist_service.go:119.119,120.18 1 2
buskatotal-backend/internal/app/infovist_service.go:120.18,122.3 1 0
buskatotal-backend/internal/app/infovist_service.go:123.2,123.20 1 2
buskatotal-backend/internal/app/infovist_service.go:123.20,125.3 1 0
buskatotal-backend/internal/app/infovist_service.go:128.2,129.20 2 2
buskatotal-backend/internal/app/infovist_service.go:129.20,131.3 1 1
buskatotal-backend/internal/app/infovist_service.go:132.2,132.27 1 1
buskatotal-backend/internal/app/infovist_service.go:132.27,134.3 1 1
buskatotal-backend/internal/app/infovist_service.go:136.2,137.16 2 0
buskatotal-backend/internal/app/infovist_service.go:137.16,139.3 1 0
buskatotal-backend/internal/app/infovist_service.go:141.2,141.51 1 0
buskatotal-backend/internal/app/infovist_service.go:144.121,145.18 1 2
buskatotal-backend/internal/app/infovist_service.go:145.18,147.3 1 0
buskatotal-backend/internal/app/infovist_service.go:148.2,148.20 1 2
buskatotal-backend/internal/app/infovist_service.go:148.20,150.3 1 0
buskatotal-backend/internal/app/infovist_service.go:153.2,154.21 2 2
buskatotal-backend/internal/app/infovist_service.go:154.21,156.3 1 1
buskatotal-backend/internal/app/infovist_service.go:157.2,157.28 1 1
buskatotal-backend/internal/app/infovist_service.go:157.28,159.3 1 1
buskatotal-backend/internal/app/infovist_service.go:161.2,162.16 2 0
buskatotal-backend/internal/app/infovist_service.go:162.16,164.3 1 0
buskatotal-backend/internal/app/infovist_service.go:166.2,166.51 1 0
buskatotal-backend/internal/app/infovist_service.go:169.112,170.18 1 2
buskatotal-backend/internal/app/infovist_service.go:170.18,172.3 1 0
buskatotal-backend/internal/app/infovist_service.go:173.2,173.44 1 2
buskatotal-backend/internal/app/infovist_service.go:176.73,180.50 3 3
buskatotal-backend/internal/app/infovist_service.go:180.50,182.3 1 0
buskatotal-backend/internal/app/infovist_service.go:184.2,185.16 2 3
buskatotal-backend/internal/app/infovist_service.go:185.16,187.3 1 3
buskatotal-backend/internal/app/infovist_service.go:189.2,190.28 2 0
buskatotal-backend/internal/app/infovist_service.go:190.28,192.3 1 0
buskatotal-backend/internal/app/infovist_service.go:192.8,194.3 1 0
buskatotal-backend/internal/app/infovist_service.go:196.2,196.21 1 0
buskatotal-backend/internal/app/lgpd_service.go:34.16,35.20 1 11
buskatotal-backend/internal/app/lgpd_service.go:35.20,37.3 1 1
buskatotal-backend/internal/app/lgpd_service.go:38.2,46.3 1 11
buskatotal-backend/internal/app/lgpd_service.go:63.84,65.16 2 2
buskatotal-backend/internal/app/lgpd_service.go:65.16,67.3 1 1
buskatotal-backend/internal/app/lgpd_service.go:69.2,74.27 4 1
buskatotal-backend/internal/app/lgpd_service.go:74.27,75.37 1 0
buskatotal-backend/internal/app/lgpd_service.go:75.37,77.4 1 0
buskatotal-backend/internal/app/lgpd_service.go:80.2,93.18 12 1
buskatotal-backend/internal/app/lgpd_service.go:120.87,122.16 2 1
buskatotal-backend/internal/app/lgpd_service.go:122.16,124.3 1 0
buskatotal-backend/internal/app/lgpd_service.go:126.2,134.35 8 1
buskatotal-backend/internal/app/lgpd_service.go:134.35,141.3 1 0
buskatotal-backend/internal/app/lgpd_service.go:143.2,145.31 3 1
buskatotal-backend/internal/app/lgpd_service.go:145.31,151.3 1 0
buskatotal-backend/internal/app/lgpd_service.go:153.2,155.18 2 1
buskatotal-backend/internal/app/lgpd_service.go:158.113,160.16 2 7
buskatotal-backend/internal/app/lgpd_service.go:160.16,162.3 1 0
buskatotal-backend/internal/app/lgpd_service.go:165.2,166.31 2 7
buskatotal-backend/internal/app/lgpd_service.go:166.31,167.94 1 1
buskatotal-backend/internal/app/lgpd_service.go:167.94,169.4 1 1
buskatotal-backend/internal/app/lgpd_service.go:172.2,179.16 2 6
buskatotal-backend/internal/app/lgpd_service.go:179.16,181.3 1 0
buskatotal-backend/internal/app/lgpd_service.go:184.2,184.26 1 6
buskatotal-backend/internal/app/lgpd_service.go:184.26,185.13 1 6
buskatotal-backend/internal/app/lgpd_service.go:185.13,192.4 1 6
buskatotal-backend/internal/app/lgpd_service.go:195.3,196.13 2 6
buskatotal-backend/internal/app/lgpd_service.go:196.13,203.4 1 6
buskatotal-backend/internal/app/lgpd_service.go:206.2,208.17 2 6
buskatotal-backend/internal/app/lgpd_service.go:212.97,214.2 1 1
buskatotal-backend/internal/app/lgpd_service.go:217.125,219.16 2 2
buskatotal-backend/internal/app/lgpd_service.go:219.16,221.3 1 0
buskatotal-backend/internal/app/lgpd_service.go:223.2,223.93 1 2
buskatotal-backend/internal/app/lgpd_service.go:223.93,225.3 1 0
buskatotal-backend/internal/app/lgpd_service.go:227.2,232.44 5 2
buskatotal-backend/internal/app/lgpd_service.go:232.44,235.17 2 1
buskatotal-backend/internal/app/lgpd_service.go:235.17,241.4 5 1
buskatotal-backend/internal/app/lgpd_service.go:244.2,245.16 2 2
buskatotal-backend/internal/app/lgpd_service.go:245.16,247.3 1 0
buskatotal-backend/internal/app/lgpd_service.go:249.2,254.21 2 2
buskatotal-backend/internal/app/lgpd_service.go:257.109,259.2 1 1
buskatotal-backend/internal/app/lgpd_service.go:261.109,267.2 1 11
buskatotal-backend/internal/app/lgpd_service.go:269.69,281.2 1 7
buskatotal-backend/internal/app/lgpd_service.go:283.61,302.2 1 8
buskatotal-backend/internal/app/payment_service.go:29.19,36.2 1 23
buskatotal-backend/internal/app/payment_service.go:46.26,47.23 1 11
buskatotal-backend/internal/app/payment_service.go:47.23,49.3 1 1
buskatotal-backend/internal/app/payment_service.go:50.2,50.18 1 10
buskatotal-backend/internal/app/payment_service.go:50.18,52.3 1 1
buskatotal-backend/internal/app/payment_service.go:53.2,53.22 1 9
buskatotal-backend/internal/app/payment_service.go:53.22,55.3 1 2
buskatotal-backend/internal/app/payment_service.go:56.2,56.26 1 7
buskatotal-backend/internal/app/payment_service.go:56.26,58.3 1 1
buskatotal-backend/internal/app/payment_service.go:59.2,59.23 1 6
buskatotal-backend/internal/app/payment_service.go:59.23,61.3 1 1
buskatotal-backend/internal/app/payment_service.go:64.2,64.59 1 5
buskatotal-backend/internal/app/payment_service.go:64.59,66.3 1 1
buskatotal-backend/internal/app/payment_service.go:68.2,78.16 4 4
buskatotal-backend/internal/app/payment_service.go:78.16,80.3 1 0
buskatotal-backend/internal/app/payment_service.go:82.2,94.16 3 4
buskatotal-backend/internal/app/payment_service.go:94.16,96.3 1 0
buskatotal-backend/internal/app/payment_service.go:98.2,98.21 1 4
buskatotal-backend/internal/app/payment_service.go:104.88,105.23 1 10
buskatotal-backend/internal/app/payment_service.go:105.23,107.3 1 1
buskatotal-backend/internal/app/payment_service.go:108.2,108.23 1 9
buskatotal-backend/internal/app/payment_service.go:108.23,110.3 1 1
buskatotal-backend/internal/app/payment_service.go:112.2,113.16 2 8
buskatotal-backend/internal/app/payment_service.go:113.16,115.3 1 1
buskatotal-backend/internal/app/payment_service.go:118.2,118.40 1 7
buskatotal-backend/internal/app/payment_service.go:118.40,120.3 1 2
buskatotal-backend/internal/app/payment_service.go:123.2,124.16 2 5
buskatotal-backend/internal/app/payment_service.go:124.16,126.3 1 0
buskatotal-backend/internal/app/payment_service.go:128.2,129.58 2 5
buskatotal-backend/internal/app/payment_service.go:129.58,131.3 1 0
buskatotal-backend/internal/app/payment_service.go:133.2,133.34 1 5
buskatotal-backend/internal/app/payment_service.go:133.34,134.88 1 5
buskatotal-backend/internal/app/payment_service.go:134.88,136.4 1 0
buskatotal-backend/internal/app/payment_service.go:139.2,139.12 1 5
buskatotal-backend/internal/app/payment_service.go:143.103,144.23 1 2
buskatotal-backend/internal/app/payment_service.go:144.23,146.3 1 0
buskatotal-backend/internal/app/payment_service.go:148.2,149.16 2 2
buskatotal-backend/internal/app/payment_service.go:149.16,151.3 1 0
buskatotal-backend/internal/app/payment_service.go:152.2,152.28 1 2
buskatotal-backend/internal/app/payment_service.go:152.28,154.3 1 1
buskatotal-backend/internal/app/payment_service.go:156.2,156.43 1 1
buskatotal-backend/internal/app/payment_service.go:161.63,163.16 2 1
buskatotal-backend/internal/app/payment_service.go:163.16,166.3 2 0
buskatotal-backend/internal/app/payment_service.go:167.2,168.31 2 1
buskatotal-backend/internal/app/payment_service.go:168.31,169.66 1 1
buskatotal-backend/internal/app/payment_service.go:169.66,171.4 1 0
buskatotal-backend/internal/app/payment_service.go:176.98,177.18 1 2
buskatotal-backend/internal/app/payment_service.go:177.18,179.3 1 1
buskatotal-backend/internal/app/payment_service.go:180.2,181.16 2 1
buskatotal-backend/internal/app/payment_service.go:181.16,183.3 1 0
buskatotal-backend/internal/app/payment_service.go:185.2,185.41 1 1
buskatotal-backend/internal/app/payment_service.go:185.41,187.3 1 3
buskatotal-backend/internal/app/payment_service.go:188.2,188.20 1 1
buskatotal-backend/internal/app/payment_service.go:192.108,193.23 1 4
buskatotal-backend/internal/app/payment_service.go:193.23,195.3 1 1
buskatotal-backend/internal/app/payment_service.go:196.2,196.18 1 3
buskatotal-backend/internal/app/payment_service.go:196.18,198.3 1 1
buskatotal-backend/internal/app/payment_service.go:199.2,199.17 1 2
buskatotal-backend/internal/app/payment_service.go:199.17,201.3 1 1
buskatotal-backend/internal/app/payment_service.go:203.2,204.16 2 1
buskatotal-backend/internal/app/payment_service.go:204.16,206.3 1 0
buskatotal-backend/internal/app/payment_service.go:208.2,208.70 1 1
buskatotal-backend/internal/app/payment_service.go:208.70,210.3 1 0
buskatotal-backend/internal/app/payment_service.go:212.2,212.21 1 1
buskatotal-backend/internal/app/user_service.go:14.56,16.2 1 8
buskatotal-backend/internal/app/user_service.go:18.87,19.46 1 7
buskatotal-backend/internal/app/user_service.go:19.46,21.6 1 2
buskatotal-backend/internal/app/user_service.go:22.5,22.33 1 5
buskatotal-backend/internal/app/user_service.go:22.33,24.6 1 1
buskatotal-backend/internal/app/user_service.go:25.5,25.37 1 4
buskatotal-backend/internal/app/user_service.go:28.82,30.2 1 1
buskatotal-backend/internal/app/user_service.go:32.70,34.2 1 2
buskatotal-backend/internal/app/user_service.go:36.87,37.23 1 4
buskatotal-backend/internal/app/user_service.go:37.23,39.6 1 2
buskatotal-backend/internal/app/user_service.go:40.5,40.46 1 2
buskatotal-backend/internal/app/user_service.go:40.46,42.6 1 1
buskatotal-backend/internal/app/user_service.go:43.5,43.37 1 1
buskatotal-backend/internal/app/user_service.go:46.68,48.2 1 1
buskatotal-backend/internal/interfaces/http/admin_handler.go:22.58,24.2 1 3
buskatotal-backend/internal/interfaces/http/admin_handler.go:26.50,32.17 4 1
buskatotal-backend/internal/interfaces/http/admin_handler.go:32.17,34.3 1 0
buskatotal-backend/internal/interfaces/http/admin_handler.go:34.8,36.3 1 1
buskatotal-backend/internal/interfaces/http/admin_handler.go:38.2,38.16 1 1
buskatotal-backend/internal/interfaces/http/admin_handler.go:38.16,41.3 2 0
buskatotal-backend/internal/interfaces/http/admin_handler.go:43.2,43.18 1 1
buskatotal-backend/internal/interfaces/http/admin_handler.go:43.18,45.3 1 0
buskatotal-backend/internal/interfaces/http/admin_handler.go:48.2,59.26 3 1
buskatotal-backend/internal/interfaces/http/admin_handler.go:59.26,69.3 1 2
buskatotal-backend/internal/interfaces/http/admin_handler.go:71.2,74.4 1 1
buskatotal-backend/internal/interfaces/http/admin_handler.go:77.48,79.14 2 2
buskatotal-backend/internal/interfaces/http/admin_handler.go:79.14,82.3 2 0
buskatotal-backend/internal/interfaces/http/admin_handler.go:84.2,85.16 2 2
buskatotal-backend/internal/interfaces/http/admin_handler.go:85.16,88.3 2 1
buskatotal-backend/internal/interfaces/http/admin_handler.go:90.2,99.4 1 1
buskatotal-backend/internal/interfaces/http/apifull_handler.go:22.64,24.2 1 4
buskatotal-backend/internal/interfaces/http/apifull_handler.go:28.55,30.25 2 4
buskatotal-backend/internal/interfaces/http/apifull_handler.go:30.25,33.3 2 1
buskatotal-backend/internal/interfaces/http/apifull_handler.go:35.2,36.22 2 3
buskatotal-backend/internal/interfaces/http/apifull_handler.go:36.22,39.3 2 0
buskatotal-backend/internal/interfaces/http/apifull_handler.go:41.2,44.70 2 3
buskatotal-backend/internal/interfaces/http/apifull_handler.go:44.70,47.3 2 1
buskatotal-backend/internal/interfaces/http/apifull_handler.go:49.2,50.16 2 2
buskatotal-backend/internal/interfaces/http/apifull_handler.go:50.16,54.39 3 1
buskatotal-backend/internal/interfaces/http/apifull_handler.go:54.39,56.4 1 0
buskatotal-backend/internal/interfaces/http/apifull_handler.go:57.3,58.9 2 1
buskatotal-backend/internal/interfaces/http/apifull_handler.go:61.2,61.31 1 1
buskatotal-backend/internal/interfaces/http/auth_handler.go:39.100,41.2 1 14
buskatotal-backend/internal/interfaces/http/auth_handler.go:43.48,45.52 2 3
buskatotal-backend/internal/interfaces/http/auth_handler.go:45.52,48.6 2 1
buskatotal-backend/internal/interfaces/http/auth_handler.go:50.5,50.60 1 2
buskatotal-backend/internal/interfaces/http/auth_handler.go:50.60,53.6 2 1
buskatotal-backend/internal/interfaces/http/auth_handler.go:55.5,56.19 2 1
buskatotal-backend/internal/interfaces/http/auth_handler.go:56.19,59.6 2 0
buskatotal-backend/internal/interfaces/http/auth_handler.go:61.5,65.7 2 1
buskatotal-backend/internal/interfaces/http/auth_handler.go:68.45,70.52 2 2
buskatotal-backend/internal/interfaces/http/auth_handler.go:70.52,73.6 2 0
buskatotal-backend/internal/interfaces/http/auth_handler.go:75.5,76.19 2 2
buskatotal-backend/internal/interfaces/http/auth_handler.go:76.19,79.6 2 1
buskatotal-backend/internal/interfaces/http/auth_handler.go:81.5,85.7 2 1
buskatotal-backend/internal/interfaces/http/auth_handler.go:88.51,89.36 1 2
buskatotal-backend/internal/interfaces/http/auth_handler.go:89.36,92.6 2 0
buskatotal-backend/internal/interfaces/http/auth_handler.go:94.5,95.20 2 2
buskatotal-backend/internal/interfaces/http/auth_handler.go:95.20,98.6 2 1
buskatotal-backend/internal/interfaces/http/auth_handler.go:100.5,101.19 2 1
buskatotal-backend/internal/interfaces/http/auth_handler.go:101.19,103.58 2 0
buskatotal-backend/internal/interfaces/http/auth_handler.go:103.58,105.10 1 0
buskatotal-backend/internal/interfaces/http/auth_handler.go:105.15,105.64 1 0
buskatotal-backend/internal/interfaces/http/auth_handler.go:105.64,107.10 1 0
buskatotal-backend/internal/interfaces/http/auth_handler.go:107.15,107.61 1 0
buskatotal-backend/internal/interfaces/http/auth_handler.go:107.61,109.10 1 0
buskatotal-backend/internal/interfaces/http/auth_handler.go:110.9,111.15 2 0
buskatotal-backend/internal/interfaces/http/auth_handler.go:114.5,114.77 1 1
buskatotal-backend/internal/interfaces/http/auth_handler.go:117.58,119.12 2 2
buskatotal-backend/internal/interfaces/http/auth_handler.go:119.12,122.6 2 1
buskatotal-backend/internal/interfaces/http/auth_handler.go:124.5,125.19 2 1
buskatotal-backend/internal/interfaces/http/auth_handler.go:125.19,127.28 2 0
buskatotal-backend/internal/interfaces/http/auth_handler.go:128.50,129.51 1 0
buskatotal-backend/internal/interfaces/http/auth_handler.go:130.31,131.41 1 0
buskatotal-backend/internal/interfaces/http/auth_handler.go:132.39,133.41 1 0
buskatotal-backend/internal/interfaces/http/auth_handler.go:135.9,136.15 2 0
buskatotal-backend/internal/interfaces/http/auth_handler.go:139.5,139.81 1 1
buskatotal-backend/internal/interfaces/http/auth_handler.go:142.54,146.52 2 2
buskatotal-backend/internal/interfaces/http/auth_handler.go:146.52,149.6 2 0
buskatotal-backend/internal/interfaces/http/auth_handler.go:151.5,151.26 1 2
buskatotal-backend/internal/interfaces/http/auth_handler.go:151.26,154.6 2 1
buskatotal-backend/internal/interfaces/http/auth_handler.go:157.5,159.128 2 1
buskatotal-backend/internal/interfaces/http/auth_handler.go:162.53,167.52 2 3
buskatotal-backend/internal/interfaces/http/auth_handler.go:167.52,170.6 2 2
buskatotal-backend/internal/interfaces/http/auth_handler.go:172.5,173.19 2 1
buskatotal-backend/internal/interfaces/http/auth_handler.go:173.19,175.58 2 0
buskatotal-backend/internal/interfaces/http/auth_handler.go:175.58,177.10 1 0
buskatotal-backend/internal/interfaces/http/auth_handler.go:177.15,177.64 1 0
buskatotal-backend/internal/interfaces/http/auth_handler.go:177.64,179.10 1 0
buskatotal-backend/internal/interfaces/http/auth_handler.go:179.15,179.61 1 0
buskatotal-backend/internal/interfaces/http/auth_handler.go:179.61,181.10 1 0
buskatotal-backend/internal/interfaces/http/auth_handler.go:182.9,183.15 2 0
buskatotal-backend/internal/interfaces/http/auth_handler.go:186.5,186.76 1 1
buskatotal-backend/internal/interfaces/http/auth_middleware.go:23.79,25.2 1 3
buskatotal-backend/internal/interfaces/http/auth_middleware.go:27.52,28.33 1 3
buskatotal-backend/internal/interfaces/http/auth_middleware.go:28.33,31.24 3 3
buskatotal-backend/internal/interfaces/http/auth_middleware.go:31.24,34.10 2 1
buskatotal-backend/internal/interfaces/http/auth_middleware.go:37.9,37.65 1 2
buskatotal-backend/internal/interfaces/http/auth_middleware.go:37.65,39.10 1 0
buskatotal-backend/internal/interfaces/http/auth_middleware.go:41.9,42.23 2 2
buskatotal-backend/internal/interfaces/http/auth_middleware.go:42.23,45.10 2 0
buskatotal-backend/internal/interfaces/http/auth_middleware.go:47.9,49.17 3 2
buskatotal-backend/internal/interfaces/http/auth_middleware.go:53.51,55.12 2 32
buskatotal-backend/internal/interfaces/http/auth_middleware.go:55.12,57.6 1 9
buskatotal-backend/internal/interfaces/http/auth_middleware.go:58.5,59.22 2 23
buskatotal-backend/internal/interfaces/http/auth_middleware.go:62.45,64.12 2 2
buskatotal-backend/internal/interfaces/http/auth_middleware.go:64.12,66.6 1 0
buskatotal-backend/internal/interfaces/http/auth_middleware.go:67.5,68.12 2 2
buskatotal-backend/internal/interfaces/http/auth_middleware.go:68.12,70.6 1 0
buskatotal-backend/internal/interfaces/http/auth_middleware.go:71.5,71.16 1 2
buskatotal-backend/internal/interfaces/http/auth_middleware.go:75.34,76.33 1 2
buskatotal-backend/internal/interfaces/http/auth_middleware.go:76.33,78.28 2 2
buskatotal-backend/internal/interfaces/http/auth_middleware.go:78.28,81.10 2 1
buskatotal-backend/internal/interfaces/http/auth_middleware.go:82.9,82.17 1 1
buskatotal-backend/internal/interfaces/http/catalog_handler.go:147.56,149.2 1 1
buskatotal-backend/internal/interfaces/http/catalog_handler.go:151.53,153.38 2 1
buskatotal-backend/internal/interfaces/http/catalog_handler.go:153.38,155.34 2 5
buskatotal-backend/internal/interfaces/http/catalog_handler.go:155.34,162.4 2 61
buskatotal-backend/internal/interfaces/http/catalog_handler.go:163.3,169.5 1 5
buskatotal-backend/internal/interfaces/http/catalog_handler.go:171.2,171.31 1 1
buskatotal-backend/internal/interfaces/http/catalog_handler.go:174.36,177.2 2 61
buskatotal-backend/internal/interfaces/http/infocar_handler.go:21.64,23.2 1 4
buskatotal-backend/internal/interfaces/http/infocar_handler.go:26.56,28.25 2 2
buskatotal-backend/internal/interfaces/http/infocar_handler.go:28.25,31.3 2 1
buskatotal-backend/internal/interfaces/http/infocar_handler.go:33.2,35.36 3 1
buskatotal-backend/internal/interfaces/http/infocar_handler.go:35.36,38.3 2 0
buskatotal-backend/internal/interfaces/http/infocar_handler.go:40.2,41.16 2 1
buskatotal-backend/internal/interfaces/http/infocar_handler.go:41.16,44.3 2 0
buskatotal-backend/internal/interfaces/http/infocar_handler.go:46.2,46.31 1 1
buskatotal-backend/internal/interfaces/http/infocar_handler.go:51.55,53.25 2 2
buskatotal-backend/internal/interfaces/http/infocar_handler.go:53.25,56.3 2 1
buskatotal-backend/internal/interfaces/http/infocar_handler.go:58.2,61.56 4 1
buskatotal-backend/internal/interfaces/http/infocar_handler.go:61.56,64.3 2 0
buskatotal-backend/internal/interfaces/http/infocar_handler.go:66.2,67.16 2 1
buskatotal-backend/internal/interfaces/http/infocar_handler.go:67.16,70.3 2 0
buskatotal-backend/internal/interfaces/http/infocar_handler.go:72.2,72.31 1 1
buskatotal-backend/internal/interfaces/http/infovist_handler.go:25.67,27.2 1 8
buskatotal-backend/internal/interfaces/http/infovist_handler.go:29.60,31.25 2 2
buskatotal-backend/internal/interfaces/http/infovist_handler.go:31.25,34.3 2 1
buskatotal-backend/internal/interfaces/http/infovist_handler.go:36.2,37.49 2 1
buskatotal-backend/internal/interfaces/http/infovist_handler.go:37.49,40.3 2 0
buskatotal-backend/internal/interfaces/http/infovist_handler.go:42.2,43.16 2 1
buskatotal-backend/internal/interfaces/http/infovist_handler.go:43.16,46.3 2 0
buskatotal-backend/internal/interfaces/http/infovist_handler.go:48.2,48.31 1 1
buskatotal-backend/internal/interfaces/http/infovist_handler.go:51.58,53.25 2 2
buskatotal-backend/internal/interfaces/http/infovist_handler.go:53.25,56.3 2 1
buskatotal-backend/internal/interfaces/http/infovist_handler.go:58.2,59.20 2 1
buskatotal-backend/internal/interfaces/http/infovist_handler.go:59.20,62.3 2 0
buskatotal-backend/internal/interfaces/http/infovist_handler.go:64.2,65.16 2 1
buskatotal-backend/internal/interfaces/http/infovist_handler.go:65.16,68.3 2 0
buskatotal-backend/internal/interfaces/http/infovist_handler.go:70.2,70.31 1 1
buskatotal-backend/internal/interfaces/http/infovist_handler.go:73.55,75.25 2 1
buskatotal-backend/internal/interfaces/http/infovist_handler.go:75.25,78.3 2 0
buskatotal-backend/internal/interfaces/http/infovist_handler.go:80.2,81.20 2 1
buskatotal-backend/internal/interfaces/http/infovist_handler.go:81.20,84.3 2 0
buskatotal-backend/internal/interfaces/http/infovist_handler.go:86.2,87.16 2 1
buskatotal-backend/internal/interfaces/http/infovist_handler.go:87.16,90.3 2 0
buskatotal-backend/internal/interfaces/http/infovist_handler.go:92.2,92.31 1 1
buskatotal-backend/internal/interfaces/http/infovist_handler.go:95.55,97.25 2 1
buskatotal-backend/internal/interfaces/http/infovist_handler.go:97.25,100.3 2 0
buskatotal-backend/internal/interfaces/http/infovist_handler.go:102.2,103.20 2 1
buskatotal-backend/internal/interfaces/http/infovist_handler.go:103.20,106.3 2 0
buskatotal-backend/internal/interfaces/http/infovist_handler.go:108.2,109.16 2 1
buskatotal-backend/internal/interfaces/http/infovist_handler.go:109.16,112.3 2 0
buskatotal-backend/internal/interfaces/http/infovist_handler.go:114.2,114.31 1 1
buskatotal-backend/internal/interfaces/http/infovist_handler.go:117.59,119.25 2 2
buskatotal-backend/internal/interfaces/http/infovist_handler.go:119.25,122.3 2 1
buskatotal-backend/internal/interfaces/http/infovist_handler.go:124.2,125.16 2 1
buskatotal-backend/internal/interfaces/http/infovist_handler.go:125.16,128.3 2 0
buskatotal-backend/internal/interfaces/http/infovist_handler.go:130.2,130.19 1 1
buskatotal-backend/internal/interfaces/http/infovist_handler.go:130.19,132.3 1 0
buskatotal-backend/internal/interfaces/http/infovist_handler.go:134.2,134.31 1 1
buskatotal-backend/internal/interfaces/http/lgpd_handler.go:24.64,26.2 1 6
buskatotal-backend/internal/interfaces/http/lgpd_handler.go:29.51,31.9 2 2
buskatotal-backend/internal/interfaces/http/lgpd_handler.go:31.9,34.3 2 0
buskatotal-backend/internal/interfaces/http/lgpd_handler.go:36.2,37.26 2 2
buskatotal-backend/internal/interfaces/http/lgpd_handler.go:37.26,40.3 2 1
buskatotal-backend/internal/interfaces/http/lgpd_handler.go:42.2,43.16 2 1
buskatotal-backend/internal/interfaces/http/lgpd_handler.go:43.16,46.3 2 0
buskatotal-backend/internal/interfaces/http/lgpd_handler.go:48.2,48.29 1 1
buskatotal-backend/internal/interfaces/http/lgpd_handler.go:52.54,54.9 2 1
buskatotal-backend/internal/interfaces/http/lgpd_handler.go:54.9,57.3 2 0
buskatotal-backend/internal/interfaces/http/lgpd_handler.go:59.2,60.26 2 1
buskatotal-backend/internal/interfaces/http/lgpd_handler.go:60.26,63.3 2 0
buskatotal-backend/internal/interfaces/http/lgpd_handler.go:65.2,66.16 2 1
buskatotal-backend/internal/interfaces/http/lgpd_handler.go:66.16,69.3 2 0
buskatotal-backend/internal/interfaces/http/lgpd_handler.go:71.2,71.29 1 1
buskatotal-backend/internal/interfaces/http/lgpd_handler.go:75.55,77.9 2 1
buskatotal-backend/internal/interfaces/http/lgpd_handler.go:77.9,80.3 2 0
buskatotal-backend/internal/interfaces/http/lgpd_handler.go:82.2,83.26 2 1
buskatotal-backend/internal/interfaces/http/lgpd_handler.go:83.26,86.3 2 0
buskatotal-backend/internal/interfaces/http/lgpd_handler.go:88.2,91.49 2 1
buskatotal-backend/internal/interfaces/http/lgpd_handler.go:91.49,94.3 2 0
buskatotal-backend/internal/interfaces/http/lgpd_handler.go:96.2,97.16 2 1
buskatotal-backend/internal/interfaces/http/lgpd_handler.go:97.16,99.22 2 0
buskatotal-backend/internal/interfaces/http/lgpd_handler.go:100.25,101.32 1 0
buskatotal-backend/internal/interfaces/http/lgpd_handler.go:102.43,103.32 1 0
buskatotal-backend/internal/interfaces/http/lgpd_handler.go:105.3,106.9 2 0
buskatotal-backend/internal/interfaces/http/lgpd_handler.go:109.2,114.4 1 1
buskatotal-backend/internal/interfaces/http/lgpd_handler.go:118.60,120.16 2 1
buskatotal-backend/internal/interfaces/http/lgpd_handler.go:120.16,123.3 2 0
buskatotal-backend/internal/interfaces/http/lgpd_handler.go:125.2,125.21 1 1
buskatotal-backend/internal/interfaces/http/lgpd_handler.go:125.21,127.3 1 0
buskatotal-backend/internal/interfaces/http/lgpd_handler.go:129.2,132.4 1 1
buskatotal-backend/internal/interfaces/http/lgpd_handler.go:136.55,140.21 3 1
buskatotal-backend/internal/interfaces/http/lgpd_handler.go:140.21,143.3 2 0
buskatotal-backend/internal/interfaces/http/lgpd_handler.go:145.2,148.49 2 1
buskatotal-backend/internal/interfaces/http/lgpd_handler.go:148.49,151.3 2 0
buskatotal-backend/internal/interfaces/http/lgpd_handler.go:153.2,153.146 1 1
buskatotal-backend/internal/interfaces/http/lgpd_handler.go:153.146,156.3 2 0
buskatotal-backend/internal/interfaces/http/lgpd_handler.go:158.2,159.16 2 1
buskatotal-backend/internal/interfaces/http/lgpd_handler.go:159.16,162.3 2 0
buskatotal-backend/internal/interfaces/http/lgpd_handler.go:164.2,164.28 1 1
buskatotal-backend/internal/interfaces/http/payment_handler.go:27.82,29.2 1 11
buskatotal-backend/internal/interfaces/http/payment_handler.go:32.58,34.2 1 2
buskatotal-backend/internal/interfaces/http/payment_handler.go:43.49,44.20 1 1
buskatotal-backend/internal/interfaces/http/payment_handler.go:44.20,47.3 2 1
buskatotal-backend/internal/interfaces/http/payment_handler.go:49.2,50.29 2 0
buskatotal-backend/internal/interfaces/http/payment_handler.go:50.29,53.3 2 0
buskatotal-backend/internal/interfaces/http/payment_handler.go:55.2,56.18 2 0
buskatotal-backend/internal/interfaces/http/payment_handler.go:56.18,59.3 2 0
buskatotal-backend/internal/interfaces/http/payment_handler.go:60.2,60.26 1 0
buskatotal-backend/internal/interfaces/http/payment_handler.go:60.26,63.3 2 0
buskatotal-backend/internal/interfaces/http/payment_handler.go:65.2,66.49 2 0
buskatotal-backend/internal/interfaces/http/payment_handler.go:66.49,69.3 2 0
buskatotal-backend/internal/interfaces/http/payment_handler.go:71.2,72.16 2 0
buskatotal-backend/internal/interfaces/http/payment_handler.go:72.16,75.3 2 0
buskatotal-backend/internal/interfaces/http/payment_handler.go:77.2,77.32 1 0
buskatotal-backend/internal/interfaces/http/payment_handler.go:96.54,98.29 2 3
buskatotal-backend/internal/interfaces/http/payment_handler.go:98.29,101.3 2 1
buskatotal-backend/internal/interfaces/http/payment_handler.go:103.2,104.26 2 2
buskatotal-backend/internal/interfaces/http/payment_handler.go:104.26,107.3 2 1
buskatotal-backend/internal/interfaces/http/payment_handler.go:109.2,110.49 2 1
buskatotal-backend/internal/interfaces/http/payment_handler.go:110.49,113.3 2 0
buskatotal-backend/internal/interfaces/http/payment_handler.go:115.2,115.28 1 1
buskatotal-backend/internal/interfaces/http/payment_handler.go:115.28,118.3 2 0
buskatotal-backend/internal/interfaces/http/payment_handler.go:120.2,129.16 3 1
buskatotal-backend/internal/interfaces/http/payment_handler.go:129.16,132.3 2 0
buskatotal-backend/internal/interfaces/http/payment_handler.go:134.2,143.4 1 1
buskatotal-backend/internal/interfaces/http/payment_handler.go:162.50,164.27 1 5
buskatotal-backend/internal/interfaces/http/payment_handler.go:164.27,165.42 1 3
buskatotal-backend/internal/interfaces/http/payment_handler.go:165.42,169.4 3 2
buskatotal-backend/internal/interfaces/http/payment_handler.go:172.2,173.49 2 3
buskatotal-backend/internal/interfaces/http/payment_handler.go:173.49,176.3 2 0
buskatotal-backend/internal/interfaces/http/payment_handler.go:178.2,179.25 2 3
buskatotal-backend/internal/interfaces/http/payment_handler.go:179.25,182.3 2 1
buskatotal-backend/internal/interfaces/http/payment_handler.go:184.2,184.85 1 2
buskatotal-backend/internal/interfaces/http/payment_handler.go:184.85,189.3 3 0
buskatotal-backend/internal/interfaces/http/payment_handler.go:191.2,191.42 1 2
buskatotal-backend/internal/interfaces/http/payment_handler.go:198.52,200.29 2 1
buskatotal-backend/internal/interfaces/http/payment_handler.go:200.29,203.3 2 0
buskatotal-backend/internal/interfaces/http/payment_handler.go:205.2,206.23 2 1
buskatotal-backend/internal/interfaces/http/payment_handler.go:206.23,209.3 2 0
buskatotal-backend/internal/interfaces/http/payment_handler.go:211.2,211.102 1 1
buskatotal-backend/internal/interfaces/http/payment_handler.go:211.102,214.3 2 0
buskatotal-backend/internal/interfaces/http/payment_handler.go:216.2,216.42 1 1
buskatotal-backend/internal/interfaces/http/payment_handler.go:222.53,224.29 2 2
buskatotal-backend/internal/interfaces/http/payment_handler.go:224.29,227.3 2 0
buskatotal-backend/internal/interfaces/http/payment_handler.go:229.2,230.26 2 2
buskatotal-backend/internal/interfaces/http/payment_handler.go:230.26,233.3 2 1
buskatotal-backend/internal/interfaces/http/payment_handler.go:235.2,236.16 2 1
buskatotal-backend/internal/interfaces/http/payment_handler.go:236.16,239.3 2 0
buskatotal-backend/internal/interfaces/http/payment_handler.go:241.2,241.31 1 1
buskatotal-backend/internal/interfaces/http/rate_limiter.go:25.69,32.12 2 4
buskatotal-backend/internal/interfaces/http/rate_limiter.go:32.12,33.7 1 4
buskatotal-backend/internal/interfaces/http/rate_limiter.go:33.7,36.4 2 4
buskatotal-backend/internal/interfaces/http/rate_limiter.go:38.2,38.11 1 4
buskatotal-backend/internal/interfaces/http/rate_limiter.go:41.50,42.30 1 4
buskatotal-backend/internal/interfaces/http/rate_limiter.go:42.30,49.39 5 17
buskatotal-backend/internal/interfaces/http/rate_limiter.go:49.39,54.4 4 6
buskatotal-backend/internal/interfaces/http/rate_limiter.go:56.3,57.31 2 11
buskatotal-backend/internal/interfaces/http/rate_limiter.go:57.31,62.4 4 3
buskatotal-backend/internal/interfaces/http/rate_limiter.go:64.3,65.11 2 8
buskatotal-backend/internal/interfaces/http/rate_limiter.go:69.34,73.31 4 0
buskatotal-backend/internal/interfaces/http/rate_limiter.go:73.31,74.28 1 0
buskatotal-backend/internal/interfaces/http/rate_limiter.go:74.28,76.4 1 0
buskatotal-backend/internal/interfaces/http/routes.go:9.341,14.27 2 0
buskatotal-backend/internal/interfaces/http/routes.go:14.27,16.9 2 0
buskatotal-backend/internal/interfaces/http/routes.go:16.9,22.10 5 0
buskatotal-backend/internal/interfaces/http/routes.go:23.9,23.34 1 0
buskatotal-backend/internal/interfaces/http/routes.go:23.34,27.10 3 0
buskatotal-backend/internal/interfaces/http/routes.go:30.5,31.5 2 0
buskatotal-backend/internal/interfaces/http/routes.go:31.5,32.34 1 0
buskatotal-backend/internal/interfaces/http/routes.go:32.34,34.35 2 0
buskatotal-backend/internal/interfaces/http/routes.go:34.35,38.14 3 0
buskatotal-backend/internal/interfaces/http/routes.go:39.15,41.10 1 0
buskatotal-backend/internal/interfaces/http/routes.go:44.5,44.30 1 0
buskatotal-backend/internal/interfaces/http/routes.go:44.30,50.34 3 0
buskatotal-backend/internal/interfaces/http/routes.go:50.34,53.13 3 0
buskatotal-backend/internal/interfaces/http/routes.go:53.13,58.14 4 0
buskatotal-backend/internal/interfaces/http/routes.go:59.15,64.10 4 0
buskatotal-backend/internal/interfaces/http/routes.go:67.5,67.30 1 0
buskatotal-backend/internal/interfaces/http/routes.go:67.30,69.6 1 0
buskatotal-backend/internal/interfaces/http/routes.go:71.5,71.30 1 0
buskatotal-backend/internal/interfaces/http/routes.go:71.30,73.34 2 0
buskatotal-backend/internal/interfaces/http/routes.go:73.34,75.10 1 0
buskatotal-backend/internal/interfaces/http/routes.go:76.9,79.10 2 0
buskatotal-backend/internal/interfaces/http/routes.go:82.5,82.31 1 0
buskatotal-backend/internal/interfaces/http/routes.go:82.31,84.34 2 0
buskatotal-backend/internal/interfaces/http/routes.go:84.34,86.10 1 0
buskatotal-backend/internal/interfaces/http/routes.go:87.9,93.10 5 0
buskatotal-backend/internal/interfaces/http/routes.go:96.5,96.30 1 0
buskatotal-backend/internal/interfaces/http/routes.go:96.30,98.34 2 0
buskatotal-backend/internal/interfaces/http/routes.go:98.34,100.10 1 0
buskatotal-backend/internal/interfaces/http/routes.go:101.9,103.10 1 0
buskatotal-backend/internal/interfaces/http/routes.go:106.5,106.53 1 0
buskatotal-backend/internal/interfaces/http/routes.go:106.53,110.9 4 0
buskatotal-backend/internal/interfaces/http/routes.go:110.9,113.35 3 0
buskatotal-backend/internal/interfaces/http/routes.go:113.35,116.14 2 0
buskatotal-backend/internal/interfaces/http/user_handler.go:15.46,16.27 1 1
buskatotal-backend/internal/interfaces/http/user_handler.go:16.27,18.6 1 0
buskatotal-backend/internal/interfaces/http/user_handler.go:19.5,19.59 1 1
buskatotal-backend/internal/interfaces/http/user_handler.go:19.59,21.6 1 0
buskatotal-backend/internal/interfaces/http/user_handler.go:22.5,22.59 1 1
buskatotal-backend/internal/interfaces/http/user_handler.go:22.59,24.6 1 0
buskatotal-backend/internal/interfaces/http/user_handler.go:25.5,25.59 1 1
buskatotal-backend/internal/interfaces/http/user_handler.go:25.59,27.6 1 0
buskatotal-backend/internal/interfaces/http/user_handler.go:28.5,28.61 1 1
buskatotal-backend/internal/interfaces/http/user_handler.go:28.61,30.6 1 0
buskatotal-backend/internal/interfaces/http/user_handler.go:31.5,31.15 1 1
buskatotal-backend/internal/interfaces/http/user_handler.go:52.55,54.2 1 5
buskatotal-backend/internal/interfaces/http/user_handler.go:56.46,58.52 2 1
buskatotal-backend/internal/interfaces/http/user_handler.go:58.52,61.6 2 0
buskatotal-backend/internal/interfaces/http/user_handler.go:63.5,63.29 1 1
buskatotal-backend/internal/interfaces/http/user_handler.go:63.29,66.6 2 0
buskatotal-backend/internal/interfaces/http/user_handler.go:68.5,68.60 1 1
buskatotal-backend/internal/interfaces/http/user_handler.go:68.60,71.6 2 0
buskatotal-backend/internal/interfaces/http/user_handler.go:73.5,74.19 2 1
buskatotal-backend/internal/interfaces/http/user_handler.go:74.19,77.6 2 0
buskatotal-backend/internal/interfaces/http/user_handler.go:79.5,84.19 2 1
buskatotal-backend/internal/interfaces/http/user_handler.go:84.19,87.6 2 0
buskatotal-backend/internal/interfaces/http/user_handler.go:88.5,88.40 1 1
buskatotal-backend/internal/interfaces/http/user_handler.go:91.44,93.19 2 1
buskatotal-backend/internal/interfaces/http/user_handler.go:93.19,96.6 2 0
buskatotal-backend/internal/interfaces/http/user_handler.go:97.5,97.33 1 1
buskatotal-backend/internal/interfaces/http/user_handler.go:100.47,103.19 3 0
buskatotal-backend/internal/interfaces/http/user_handler.go:103.19,106.6 2 0
buskatotal-backend/internal/interfaces/http/user_handler.go:107.5,107.36 1 0
buskatotal-backend/internal/interfaces/http/user_handler.go:112.50,114.32 2 3
buskatotal-backend/internal/interfaces/http/user_handler.go:114.32,117.6 2 1
buskatotal-backend/internal/interfaces/http/user_handler.go:119.5,120.25 2 2
buskatotal-backend/internal/interfaces/http/user_handler.go:120.25,123.6 2 1
buskatotal-backend/internal/interfaces/http/user_handler.go:125.5,126.19 2 1
buskatotal-backend/internal/interfaces/http/user_handler.go:126.19,129.6 2 0
buskatotal-backend/internal/interfaces/http/user_handler.go:131.5,135.7 1 1
buskatotal-backend/internal/interfaces/http/user_handler.go:138.46,141.52 3 0
buskatotal-backend/internal/interfaces/http/user_handler.go:141.52,144.6 2 0
buskatotal-backend/internal/interfaces/http/user_handler.go:146.5,151.19 2 0
buskatotal-backend/internal/interfaces/http/user_handler.go:151.19,154.6 2 0
buskatotal-backend/internal/interfaces/http/user_handler.go:155.5,155.35 1 0
buskatotal-backend/internal/interfaces/http/user_handler.go:158.46,160.69 2 0
buskatotal-backend/internal/interfaces/http/user_handler.go:160.69,163.6 2 0
buskatotal-backend/internal/interfaces/http/user_handler.go:164.5,164.35 1 0
